Classic Timing Analyzer report for Decodeur
Fri Sep 11 08:45:17 2020
Quartus II Version 9.1 Build 350 03/24/2010 Service Pack 2 SJ Web Edition


---------------------
; Table of Contents ;
---------------------
  1. Legal Notice
  2. Timing Analyzer Summary
  3. Timing Analyzer Settings
  4. Parallel Compilation
  5. tpd
  6. Timing Analyzer Messages



----------------
; Legal Notice ;
----------------
Copyright (C) 1991-2010 Altera Corporation
Your use of Altera Corporation's design tools, logic functions 
and other software and tools, and its AMPP partner logic 
functions, and any output files from any of the foregoing 
(including device programming or simulation files), and any 
associated documentation or information are expressly subject 
to the terms and conditions of the Altera Program License 
Subscription Agreement, Altera MegaCore Function License 
Agreement, or other applicable license agreement, including, 
without limitation, that your use is for the sole purpose of 
programming logic devices manufactured by Altera and sold by 
Altera or its authorized distributors.  Please refer to the 
applicable agreement for further details.



+----------------------------------------------------------------------------------------------------------------------------+
; Timing Analyzer Summary                                                                                                    ;
+------------------------------+-------+---------------+-------------+-----------+----+------------+----------+--------------+
; Type                         ; Slack ; Required Time ; Actual Time ; From      ; To ; From Clock ; To Clock ; Failed Paths ;
+------------------------------+-------+---------------+-------------+-----------+----+------------+----------+--------------+
; Worst-case tpd               ; N/A   ; None          ; 10.808 ns   ; Number[1] ; G  ; --         ; --       ; 0            ;
; Total number of failed paths ;       ;               ;             ;           ;    ;            ;          ; 0            ;
+------------------------------+-------+---------------+-------------+-----------+----+------------+----------+--------------+


+-----------------------------------------------------------------------------------------------------------------------------------------------------+
; Timing Analyzer Settings                                                                                                                            ;
+------------------------------------------------------------------------------------------------------+--------------------+------+----+-------------+
; Option                                                                                               ; Setting            ; From ; To ; Entity Name ;
+------------------------------------------------------------------------------------------------------+--------------------+------+----+-------------+
; Device Name                                                                                          ; EP2C5F256C6        ;      ;    ;             ;
; Timing Models                                                                                        ; Final              ;      ;    ;             ;
; Default hold multicycle                                                                              ; Same as Multicycle ;      ;    ;             ;
; Cut paths between unrelated clock domains                                                            ; On                 ;      ;    ;             ;
; Cut off read during write signal paths                                                               ; On                 ;      ;    ;             ;
; Cut off feedback from I/O pins                                                                       ; On                 ;      ;    ;             ;
; Report Combined Fast/Slow Timing                                                                     ; Off                ;      ;    ;             ;
; Ignore Clock Settings                                                                                ; Off                ;      ;    ;             ;
; Analyze latches as synchronous elements                                                              ; On                 ;      ;    ;             ;
; Enable Recovery/Removal analysis                                                                     ; Off                ;      ;    ;             ;
; Enable Clock Latency                                                                                 ; Off                ;      ;    ;             ;
; Use TimeQuest Timing Analyzer                                                                        ; Off                ;      ;    ;             ;
; Minimum Core Junction Temperature                                                                    ; 0                  ;      ;    ;             ;
; Maximum Core Junction Temperature                                                                    ; 85                 ;      ;    ;             ;
; Number of source nodes to report per destination node                                                ; 10                 ;      ;    ;             ;
; Number of destination nodes to report                                                                ; 10                 ;      ;    ;             ;
; Number of paths to report                                                                            ; 200                ;      ;    ;             ;
; Report Minimum Timing Checks                                                                         ; Off                ;      ;    ;             ;
; Use Fast Timing Models                                                                               ; Off                ;      ;    ;             ;
; Report IO Paths Separately                                                                           ; Off                ;      ;    ;             ;
; Perform Multicorner Analysis                                                                         ; On                 ;      ;    ;             ;
; Reports the worst-case path for each clock domain and analysis                                       ; Off                ;      ;    ;             ;
; Reports worst-case timing paths for each clock domain and analysis                                   ; On                 ;      ;    ;             ;
; Specifies the maximum number of worst-case timing paths to report for each clock domain and analysis ; 100                ;      ;    ;             ;
; Removes common clock path pessimism (CCPP) during slack computation                                  ; Off                ;      ;    ;             ;
; Output I/O Timing Endpoint                                                                           ; Near End           ;      ;    ;             ;
+------------------------------------------------------------------------------------------------------+--------------------+------+----+-------------+


Parallel compilation was disabled, but you have multiple processors available. Enable parallel compilation to reduce compilation time.
+-------------------------------------+
; Parallel Compilation                ;
+----------------------------+--------+
; Processors                 ; Number ;
+----------------------------+--------+
; Number detected on machine ; 2      ;
; Maximum allowed            ; 1      ;
+----------------------------+--------+


+--------------------------------------------------------------+
; tpd                                                          ;
+-------+-------------------+-----------------+-----------+----+
; Slack ; Required P2P Time ; Actual P2P Time ; From      ; To ;
+-------+-------------------+-----------------+-----------+----+
; N/A   ; None              ; 10.808 ns       ; Number[1] ; G  ;
; N/A   ; None              ; 10.699 ns       ; Number[1] ; C  ;
; N/A   ; None              ; 10.618 ns       ; Number[0] ; G  ;
; N/A   ; None              ; 10.508 ns       ; Number[0] ; C  ;
; N/A   ; None              ; 10.482 ns       ; Number[2] ; G  ;
; N/A   ; None              ; 10.479 ns       ; Number[3] ; G  ;
; N/A   ; None              ; 10.371 ns       ; Number[3] ; C  ;
; N/A   ; None              ; 10.363 ns       ; Number[2] ; C  ;
; N/A   ; None              ; 10.195 ns       ; Number[1] ; F  ;
; N/A   ; None              ; 10.034 ns       ; Number[0] ; F  ;
; N/A   ; None              ; 9.982 ns        ; Number[1] ; A  ;
; N/A   ; None              ; 9.903 ns        ; Number[2] ; F  ;
; N/A   ; None              ; 9.897 ns        ; Number[3] ; F  ;
; N/A   ; None              ; 9.791 ns        ; Number[0] ; A  ;
; N/A   ; None              ; 9.658 ns        ; Number[2] ; A  ;
; N/A   ; None              ; 9.653 ns        ; Number[3] ; A  ;
; N/A   ; None              ; 9.444 ns        ; Number[1] ; E  ;
; N/A   ; None              ; 9.253 ns        ; Number[0] ; E  ;
; N/A   ; None              ; 9.198 ns        ; Number[1] ; B  ;
; N/A   ; None              ; 9.197 ns        ; Number[1] ; D  ;
; N/A   ; None              ; 9.115 ns        ; Number[3] ; E  ;
; N/A   ; None              ; 9.114 ns        ; Number[2] ; E  ;
; N/A   ; None              ; 9.006 ns        ; Number[0] ; D  ;
; N/A   ; None              ; 9.006 ns        ; Number[0] ; B  ;
; N/A   ; None              ; 8.869 ns        ; Number[3] ; B  ;
; N/A   ; None              ; 8.868 ns        ; Number[3] ; D  ;
; N/A   ; None              ; 8.862 ns        ; Number[2] ; B  ;
; N/A   ; None              ; 8.861 ns        ; Number[2] ; D  ;
+-------+-------------------+-----------------+-----------+----+


+--------------------------+
; Timing Analyzer Messages ;
+--------------------------+
Info: *******************************************************************
Info: Running Quartus II Classic Timing Analyzer
    Info: Version 9.1 Build 350 03/24/2010 Service Pack 2 SJ Web Edition
    Info: Processing started: Fri Sep 11 08:45:16 2020
Info: Command: quartus_tan --read_settings_files=off --write_settings_files=off Decodeur -c Decodeur --timing_analysis_only
Info: Longest tpd from source pin "Number[1]" to destination pin "G" is 10.808 ns
    Info: 1: + IC(0.000 ns) + CELL(0.832 ns) = 0.832 ns; Loc. = PIN_M3; Fanout = 7; PIN Node = 'Number[1]'
    Info: 2: + IC(4.840 ns) + CELL(0.438 ns) = 6.110 ns; Loc. = LCCOMB_X1_Y4_N8; Fanout = 1; COMB Node = 'Segment~14'
    Info: 3: + IC(2.076 ns) + CELL(2.622 ns) = 10.808 ns; Loc. = PIN_N16; Fanout = 0; PIN Node = 'G'
    Info: Total cell delay = 3.892 ns ( 36.01 % )
    Info: Total interconnect delay = 6.916 ns ( 63.99 % )
Info: Quartus II Classic Timing Analyzer was successful. 0 errors, 0 warnings
    Info: Peak virtual memory: 174 megabytes
    Info: Processing ended: Fri Sep 11 08:45:17 2020
    Info: Elapsed time: 00:00:01
    Info: Total CPU time (on all processors): 00:00:01


