Flow report for F7
Tue Nov 24 11:00:52 2020
Quartus II Version 9.1 Build 350 03/24/2010 Service Pack 2 SJ Web Edition


---------------------
; Table of Contents ;
---------------------
  1. Legal Notice
  2. Flow Summary
  3. Flow Settings
  4. Flow Non-Default Global Settings
  5. Flow Elapsed Time
  6. Flow OS Summary
  7. Flow Log



----------------
; Legal Notice ;
----------------
Copyright (C) 1991-2010 Altera Corporation
Your use of Altera Corporation's design tools, logic functions 
and other software and tools, and its AMPP partner logic 
functions, and any output files from any of the foregoing 
(including device programming or simulation files), and any 
associated documentation or information are expressly subject 
to the terms and conditions of the Altera Program License 
Subscription Agreement, Altera MegaCore Function License 
Agreement, or other applicable license agreement, including, 
without limitation, that your use is for the sole purpose of 
programming logic devices manufactured by Altera and sold by 
Altera or its authorized distributors.  Please refer to the 
applicable agreement for further details.



+-----------------------------------------------------------------------------------+
; Flow Summary                                                                      ;
+------------------------------------+----------------------------------------------+
; Flow Status                        ; Successful - Tue Nov 24 11:00:52 2020        ;
; Quartus II Version                 ; 9.1 Build 350 03/24/2010 SP 2 SJ Web Edition ;
; Revision Name                      ; F7                                           ;
; Top-level Entity Name              ; F7                                           ;
; Family                             ; Cyclone III                                  ;
; Device                             ; EP3C25Q240C8                                 ;
; Timing Models                      ; Final                                        ;
; Met timing requirements            ; N/A                                          ;
; Total logic elements               ; 98 / 24,624 ( < 1 % )                        ;
;     Total combinational functions  ; 97 / 24,624 ( < 1 % )                        ;
;     Dedicated logic registers      ; 41 / 24,624 ( < 1 % )                        ;
; Total registers                    ; 41                                           ;
; Total pins                         ; 14 / 149 ( 9 % )                             ;
; Total virtual pins                 ; 0                                            ;
; Total memory bits                  ; 0 / 608,256 ( 0 % )                          ;
; Embedded Multiplier 9-bit elements ; 0 / 132 ( 0 % )                              ;
; Total PLLs                         ; 0 / 4 ( 0 % )                                ;
+------------------------------------+----------------------------------------------+


+-----------------------------------------+
; Flow Settings                           ;
+-------------------+---------------------+
; Option            ; Setting             ;
+-------------------+---------------------+
; Start date & time ; 11/24/2020 11:00:23 ;
; Main task         ; Compilation         ;
; Revision Name     ; F7                  ;
+-------------------+---------------------+


+------------------------------------------------------------------------------------------------------------------------------+
; Flow Non-Default Global Settings                                                                                             ;
+---------------------------------------+---------------------------------------+---------------+-------------+----------------+
; Assignment Name                       ; Value                                 ; Default Value ; Entity Name ; Section Id     ;
+---------------------------------------+---------------------------------------+---------------+-------------+----------------+
; COMPILER_SIGNATURE_ID                 ; 1099358999964.160621202218864         ; --            ; --          ; --             ;
; CRC_ERROR_OPEN_DRAIN                  ; Off                                   ; On            ; --          ; --             ;
; EDA_OUTPUT_DATA_FORMAT                ; Vhdl                                  ; --            ; --          ; eda_simulation ;
; EDA_SIMULATION_TOOL                   ; ModelSim-Altera (VHDL)                ; <None>        ; --          ; --             ;
; EDA_TIME_SCALE                        ; 1 ps                                  ; --            ; --          ; eda_simulation ;
; MAX_CORE_JUNCTION_TEMP                ; 85                                    ; --            ; --          ; --             ;
; MIN_CORE_JUNCTION_TEMP                ; 0                                     ; --            ; --          ; --             ;
; PARTITION_COLOR                       ; 16764057                              ; --            ; --          ; Top            ;
; PARTITION_FITTER_PRESERVATION_LEVEL   ; PLACEMENT_AND_ROUTING                 ; --            ; --          ; Top            ;
; PARTITION_NETLIST_TYPE                ; SOURCE                                ; --            ; --          ; Top            ;
; POWER_BOARD_THERMAL_MODEL             ; None (CONSERVATIVE)                   ; --            ; --          ; --             ;
; POWER_PRESET_COOLING_SOLUTION         ; 23 MM HEAT SINK WITH 200 LFPM AIRFLOW ; --            ; --          ; --             ;
; SYNCHRONIZATION_REGISTER_CHAIN_LENGTH ; 2                                     ; 3             ; --          ; --             ;
+---------------------------------------+---------------------------------------+---------------+-------------+----------------+


+-------------------------------------------------------------------------------------------------------------------------------+
; Flow Elapsed Time                                                                                                             ;
+---------------------------+--------------+-------------------------+---------------------+------------------------------------+
; Module Name               ; Elapsed Time ; Average Processors Used ; Peak Virtual Memory ; Total CPU Time (on all processors) ;
+---------------------------+--------------+-------------------------+---------------------+------------------------------------+
; Analysis & Synthesis      ; 00:00:04     ; 1.0                     ; 238 MB              ; 00:00:04                           ;
; Fitter                    ; 00:00:17     ; 1.0                     ; 279 MB              ; 00:00:17                           ;
; TimeQuest Timing Analyzer ; 00:00:04     ; 1.0                     ; 241 MB              ; 00:00:04                           ;
; Assembler                 ; 00:00:03     ; 1.0                     ; 244 MB              ; 00:00:03                           ;
; EDA Netlist Writer        ; 00:00:01     ; 1.0                     ; 181 MB              ; 00:00:01                           ;
; Total                     ; 00:00:26     ; --                      ; --                  ; 00:00:26                           ;
+---------------------------+--------------+-------------------------+---------------------+------------------------------------+


+--------------------------------------------------------------------------------------------+
; Flow OS Summary                                                                            ;
+---------------------------+------------------+---------------+------------+----------------+
; Module Name               ; Machine Hostname ; OS Name       ; OS Version ; Processor type ;
+---------------------------+------------------+---------------+------------+----------------+
; Analysis & Synthesis      ; Utilisateur-PC   ; Windows Vista ; 6.1        ; x86_64         ;
; Fitter                    ; Utilisateur-PC   ; Windows Vista ; 6.1        ; x86_64         ;
; Assembler                 ; Utilisateur-PC   ; Windows Vista ; 6.1        ; x86_64         ;
; TimeQuest Timing Analyzer ; Utilisateur-PC   ; Windows Vista ; 6.1        ; x86_64         ;
; EDA Netlist Writer        ; Utilisateur-PC   ; Windows Vista ; 6.1        ; x86_64         ;
+---------------------------+------------------+---------------+------------+----------------+


------------
; Flow Log ;
------------
quartus_map --read_settings_files=on --write_settings_files=off F7 -c F7
quartus_fit --read_settings_files=off --write_settings_files=off F7 -c F7
quartus_asm --read_settings_files=off --write_settings_files=off F7 -c F7
quartus_sta F7 -c F7
quartus_eda --read_settings_files=off --write_settings_files=off F7 -c F7



