Flow report for sopc_compteur
<<<<<<< HEAD
Tue Nov 03 10:34:31 2020
=======
Tue Oct 27 23:25:23 2020
>>>>>>> d7cd9c7946c87b78b6e27bffc9e71207bc1d4569
Quartus II 32-bit Version 11.1 Build 259 01/25/2012 Service Pack 2 SJ Web Edition


---------------------
; Table of Contents ;
---------------------
  1. Legal Notice
  2. Flow Summary
  3. Flow Settings
  4. Flow Non-Default Global Settings
  5. Flow Elapsed Time
  6. Flow OS Summary
  7. Flow Log



----------------
; Legal Notice ;
----------------
Copyright (C) 1991-2011 Altera Corporation
Your use of Altera Corporation's design tools, logic functions 
and other software and tools, and its AMPP partner logic 
functions, and any output files from any of the foregoing 
(including device programming or simulation files), and any 
associated documentation or information are expressly subject 
to the terms and conditions of the Altera Program License 
Subscription Agreement, Altera MegaCore Function License 
Agreement, or other applicable license agreement, including, 
without limitation, that your use is for the sole purpose of 
programming logic devices manufactured by Altera and sold by 
Altera or its authorized distributors.  Please refer to the 
applicable agreement for further details.



+------------------------------------------------------------------------------------+
; Flow Summary                                                                       ;
+------------------------------------+-----------------------------------------------+
<<<<<<< HEAD
; Flow Status                        ; Successful - Tue Nov 03 10:34:28 2020         ;
=======
; Flow Status                        ; Successful - Tue Oct 27 23:25:21 2020         ;
>>>>>>> d7cd9c7946c87b78b6e27bffc9e71207bc1d4569
; Quartus II 32-bit Version          ; 11.1 Build 259 01/25/2012 SP 2 SJ Web Edition ;
; Revision Name                      ; sopc_compteur                                 ;
; Top-level Entity Name              ; sopc_compteur                                 ;
; Family                             ; Cyclone IV E                                  ;
; Device                             ; EP4CE22F17C6                                  ;
; Timing Models                      ; Final                                         ;
; Total logic elements               ; 1,821 / 22,320 ( 8 % )                        ;
;     Total combinational functions  ; 1,668 / 22,320 ( 7 % )                        ;
;     Dedicated logic registers      ; 919 / 22,320 ( 4 % )                          ;
; Total registers                    ; 919                                           ;
; Total pins                         ; 12 / 154 ( 8 % )                              ;
; Total virtual pins                 ; 0                                             ;
; Total memory bits                  ; 175,104 / 608,256 ( 29 % )                    ;
; Embedded Multiplier 9-bit elements ; 0 / 132 ( 0 % )                               ;
; Total PLLs                         ; 0 / 4 ( 0 % )                                 ;
+------------------------------------+-----------------------------------------------+


+-----------------------------------------+
; Flow Settings                           ;
+-------------------+---------------------+
; Option            ; Setting             ;
+-------------------+---------------------+
<<<<<<< HEAD
; Start date & time ; 11/03/2020 10:33:43 ;
=======
; Start date & time ; 10/27/2020 23:25:03 ;
>>>>>>> d7cd9c7946c87b78b6e27bffc9e71207bc1d4569
; Main task         ; Compilation         ;
; Revision Name     ; sopc_compteur       ;
+-------------------+---------------------+


<<<<<<< HEAD
+----------------------------------------------------------------------------------------------------------------+
; Flow Non-Default Global Settings                                                                               ;
+-------------------------------------+-------------------------------+---------------+-------------+------------+
; Assignment Name                     ; Value                         ; Default Value ; Entity Name ; Section Id ;
+-------------------------------------+-------------------------------+---------------+-------------+------------+
; COMPILER_SIGNATURE_ID               ; 1099358999964.160439602210404 ; --            ; --          ; --         ;
; IP_TOOL_ENV                         ; sopc                          ; --            ; mon_sopc    ; --         ;
; IP_TOOL_NAME                        ; sopc                          ; --            ; mon_sopc    ; --         ;
; IP_TOOL_VERSION                     ; 11.1sp2                       ; --            ; mon_sopc    ; --         ;
; MAX_CORE_JUNCTION_TEMP              ; 85                            ; --            ; --          ; --         ;
; MIN_CORE_JUNCTION_TEMP              ; 0                             ; --            ; --          ; --         ;
; NOMINAL_CORE_SUPPLY_VOLTAGE         ; 1.2V                          ; --            ; --          ; --         ;
; PARTITION_COLOR                     ; 16764057                      ; --            ; --          ; Top        ;
; PARTITION_FITTER_PRESERVATION_LEVEL ; PLACEMENT_AND_ROUTING         ; --            ; --          ; Top        ;
; PARTITION_NETLIST_TYPE              ; SOURCE                        ; --            ; --          ; Top        ;
; SOPC_BUILDER_SIGNATURE_ID           ; B06ebf60e167000001755075d007  ; --            ; --          ; --         ;
+-------------------------------------+-------------------------------+---------------+-------------+------------+
=======
+------------------------------------------------------------------------------------------------------------------------+
; Flow Non-Default Global Settings                                                                                       ;
+-------------------------------------+---------------------------------------+---------------+-------------+------------+
; Assignment Name                     ; Value                                 ; Default Value ; Entity Name ; Section Id ;
+-------------------------------------+---------------------------------------+---------------+-------------+------------+
; COMPILER_SIGNATURE_ID               ; 193989703688551.160383750312024       ; --            ; --          ; --         ;
; IP_TOOL_ENV                         ; sopc                                  ; --            ; mon_sopc    ; --         ;
; IP_TOOL_NAME                        ; sopc                                  ; --            ; mon_sopc    ; --         ;
; IP_TOOL_VERSION                     ; 11.1sp2                               ; --            ; mon_sopc    ; --         ;
; MAX_CORE_JUNCTION_TEMP              ; 85                                    ; --            ; --          ; --         ;
; MIN_CORE_JUNCTION_TEMP              ; 0                                     ; --            ; --          ; --         ;
; NOMINAL_CORE_SUPPLY_VOLTAGE         ; 1.2V                                  ; --            ; --          ; --         ;
; PARTITION_COLOR                     ; 16764057                              ; --            ; --          ; Top        ;
; PARTITION_FITTER_PRESERVATION_LEVEL ; PLACEMENT_AND_ROUTING                 ; --            ; --          ; Top        ;
; PARTITION_NETLIST_TYPE              ; SOURCE                                ; --            ; --          ; Top        ;
; POWER_BOARD_THERMAL_MODEL           ; None (CONSERVATIVE)                   ; --            ; --          ; --         ;
; POWER_PRESET_COOLING_SOLUTION       ; 23 MM HEAT SINK WITH 200 LFPM AIRFLOW ; --            ; --          ; --         ;
; SOPC_BUILDER_SIGNATURE_ID           ; B06ebf60e16700000175522380e7          ; --            ; --          ; --         ;
+-------------------------------------+---------------------------------------+---------------+-------------+------------+
>>>>>>> d7cd9c7946c87b78b6e27bffc9e71207bc1d4569


+-------------------------------------------------------------------------------------------------------------------------------+
; Flow Elapsed Time                                                                                                             ;
+---------------------------+--------------+-------------------------+---------------------+------------------------------------+
; Module Name               ; Elapsed Time ; Average Processors Used ; Peak Virtual Memory ; Total CPU Time (on all processors) ;
+---------------------------+--------------+-------------------------+---------------------+------------------------------------+
<<<<<<< HEAD
; Analysis & Synthesis      ; 00:00:22     ; 1.0                     ; 400 MB              ; 00:00:21                           ;
; Fitter                    ; 00:00:15     ; 1.0                     ; 458 MB              ; 00:00:14                           ;
; Assembler                 ; 00:00:03     ; 1.0                     ; 366 MB              ; 00:00:04                           ;
; TimeQuest Timing Analyzer ; 00:00:07     ; 1.0                     ; 376 MB              ; 00:00:07                           ;
; Total                     ; 00:00:47     ; --                      ; --                  ; 00:00:46                           ;
=======
; Analysis & Synthesis      ; 00:00:09     ; 1.0                     ; 413 MB              ; 00:00:08                           ;
; Fitter                    ; 00:00:07     ; 1.0                     ; 462 MB              ; 00:00:06                           ;
; Assembler                 ; 00:00:01     ; 1.0                     ; 357 MB              ; 00:00:01                           ;
; TimeQuest Timing Analyzer ; 00:00:03     ; 1.0                     ; 364 MB              ; 00:00:03                           ;
; Total                     ; 00:00:20     ; --                      ; --                  ; 00:00:18                           ;
>>>>>>> d7cd9c7946c87b78b6e27bffc9e71207bc1d4569
+---------------------------+--------------+-------------------------+---------------------+------------------------------------+


+----------------------------------------------------------------------------------------+
; Flow OS Summary                                                                        ;
+---------------------------+------------------+-----------+------------+----------------+
; Module Name               ; Machine Hostname ; OS Name   ; OS Version ; Processor type ;
+---------------------------+------------------+-----------+------------+----------------+
; Analysis & Synthesis      ; Utilisateur-PC   ; Windows 7 ; 6.1        ; x86_64         ;
; Fitter                    ; Utilisateur-PC   ; Windows 7 ; 6.1        ; x86_64         ;
; Assembler                 ; Utilisateur-PC   ; Windows 7 ; 6.1        ; x86_64         ;
; TimeQuest Timing Analyzer ; Utilisateur-PC   ; Windows 7 ; 6.1        ; x86_64         ;
+---------------------------+------------------+-----------+------------+----------------+


------------
; Flow Log ;
------------
quartus_map --read_settings_files=on --write_settings_files=off sopc_compteur -c sopc_compteur
quartus_fit --read_settings_files=off --write_settings_files=off sopc_compteur -c sopc_compteur
quartus_asm --read_settings_files=off --write_settings_files=off sopc_compteur -c sopc_compteur
quartus_sta sopc_compteur -c sopc_compteur



