Classic Timing Analyzer report for PWM
Tue Sep 15 11:35:26 2020
Quartus II Version 9.1 Build 350 03/24/2010 Service Pack 2 SJ Web Edition


---------------------
; Table of Contents ;
---------------------
  1. Legal Notice
  2. Timing Analyzer Summary
  3. Timing Analyzer Settings
  4. Clock Settings Summary
  5. Parallel Compilation
  6. Clock Setup: 'clk_1kHz'
  7. tco
  8. Timing Analyzer Messages



----------------
; Legal Notice ;
----------------
Copyright (C) 1991-2010 Altera Corporation
Your use of Altera Corporation's design tools, logic functions 
and other software and tools, and its AMPP partner logic 
functions, and any output files from any of the foregoing 
(including device programming or simulation files), and any 
associated documentation or information are expressly subject 
to the terms and conditions of the Altera Program License 
Subscription Agreement, Altera MegaCore Function License 
Agreement, or other applicable license agreement, including, 
without limitation, that your use is for the sole purpose of 
programming logic devices manufactured by Altera and sold by 
Altera or its authorized distributors.  Please refer to the 
applicable agreement for further details.



+-----------------------------------------------------------------------------------------------------------------------------------------------------+
; Timing Analyzer Summary                                                                                                                             ;
+------------------------------+-------+---------------+----------------------------------+----------+---------+------------+----------+--------------+
; Type                         ; Slack ; Required Time ; Actual Time                      ; From     ; To      ; From Clock ; To Clock ; Failed Paths ;
+------------------------------+-------+---------------+----------------------------------+----------+---------+------------+----------+--------------+
; Worst-case tco               ; N/A   ; None          ; 6.459 ns                         ; PWM~reg0 ; PWM     ; clk_1kHz   ; --       ; 0            ;
; Clock Setup: 'clk_1kHz'      ; N/A   ; None          ; 255.95 MHz ( period = 3.907 ns ) ; cpt[12]  ; cpt[18] ; clk_1kHz   ; clk_1kHz ; 0            ;
; Total number of failed paths ;       ;               ;                                  ;          ;         ;            ;          ; 0            ;
+------------------------------+-------+---------------+----------------------------------+----------+---------+------------+----------+--------------+


+-----------------------------------------------------------------------------------------------------------------------------------------------------+
; Timing Analyzer Settings                                                                                                                            ;
+------------------------------------------------------------------------------------------------------+--------------------+------+----+-------------+
; Option                                                                                               ; Setting            ; From ; To ; Entity Name ;
+------------------------------------------------------------------------------------------------------+--------------------+------+----+-------------+
; Device Name                                                                                          ; EP2C35F672C6       ;      ;    ;             ;
; Timing Models                                                                                        ; Final              ;      ;    ;             ;
; Default hold multicycle                                                                              ; Same as Multicycle ;      ;    ;             ;
; Cut paths between unrelated clock domains                                                            ; On                 ;      ;    ;             ;
; Cut off read during write signal paths                                                               ; On                 ;      ;    ;             ;
; Cut off feedback from I/O pins                                                                       ; On                 ;      ;    ;             ;
; Report Combined Fast/Slow Timing                                                                     ; Off                ;      ;    ;             ;
; Ignore Clock Settings                                                                                ; Off                ;      ;    ;             ;
; Analyze latches as synchronous elements                                                              ; On                 ;      ;    ;             ;
; Enable Recovery/Removal analysis                                                                     ; Off                ;      ;    ;             ;
; Enable Clock Latency                                                                                 ; Off                ;      ;    ;             ;
; Use TimeQuest Timing Analyzer                                                                        ; Off                ;      ;    ;             ;
; Minimum Core Junction Temperature                                                                    ; 0                  ;      ;    ;             ;
; Maximum Core Junction Temperature                                                                    ; 85                 ;      ;    ;             ;
; Number of source nodes to report per destination node                                                ; 10                 ;      ;    ;             ;
; Number of destination nodes to report                                                                ; 10                 ;      ;    ;             ;
; Number of paths to report                                                                            ; 200                ;      ;    ;             ;
; Report Minimum Timing Checks                                                                         ; Off                ;      ;    ;             ;
; Use Fast Timing Models                                                                               ; Off                ;      ;    ;             ;
; Report IO Paths Separately                                                                           ; Off                ;      ;    ;             ;
; Perform Multicorner Analysis                                                                         ; On                 ;      ;    ;             ;
; Reports the worst-case path for each clock domain and analysis                                       ; Off                ;      ;    ;             ;
; Reports worst-case timing paths for each clock domain and analysis                                   ; On                 ;      ;    ;             ;
; Specifies the maximum number of worst-case timing paths to report for each clock domain and analysis ; 100                ;      ;    ;             ;
; Removes common clock path pessimism (CCPP) during slack computation                                  ; Off                ;      ;    ;             ;
; Output I/O Timing Endpoint                                                                           ; Near End           ;      ;    ;             ;
+------------------------------------------------------------------------------------------------------+--------------------+------+----+-------------+


+------------------------------------------------------------------------------------------------------------------------------------------------------------------------------------+
; Clock Settings Summary                                                                                                                                                             ;
+-----------------+--------------------+----------+------------------+---------------+--------------+----------+-----------------------+---------------------+--------+--------------+
; Clock Node Name ; Clock Setting Name ; Type     ; Fmax Requirement ; Early Latency ; Late Latency ; Based on ; Multiply Base Fmax by ; Divide Base Fmax by ; Offset ; Phase offset ;
+-----------------+--------------------+----------+------------------+---------------+--------------+----------+-----------------------+---------------------+--------+--------------+
; clk_1kHz        ;                    ; User Pin ; None             ; 0.000 ns      ; 0.000 ns     ; --       ; N/A                   ; N/A                 ; N/A    ;              ;
+-----------------+--------------------+----------+------------------+---------------+--------------+----------+-----------------------+---------------------+--------+--------------+


Parallel compilation was disabled, but you have multiple processors available. Enable parallel compilation to reduce compilation time.
+-------------------------------------+
; Parallel Compilation                ;
+----------------------------+--------+
; Processors                 ; Number ;
+----------------------------+--------+
; Number detected on machine ; 2      ;
; Maximum allowed            ; 1      ;
+----------------------------+--------+


+-------------------------------------------------------------------------------------------------------------------------------------------------------------------------------------------------------------------------------+
; Clock Setup: 'clk_1kHz'                                                                                                                                                                                                       ;
+-----------------------------------------+-----------------------------------------------------+---------+---------+------------+----------+-----------------------------+---------------------------+-------------------------+
; Slack                                   ; Actual fmax (period)                                ; From    ; To      ; From Clock ; To Clock ; Required Setup Relationship ; Required Longest P2P Time ; Actual Longest P2P Time ;
+-----------------------------------------+-----------------------------------------------------+---------+---------+------------+----------+-----------------------------+---------------------------+-------------------------+
; N/A                                     ; 255.95 MHz ( period = 3.907 ns )                    ; cpt[23] ; cpt[31] ; clk_1kHz   ; clk_1kHz ; None                        ; None                      ; 3.693 ns                ;
; N/A                                     ; 255.95 MHz ( period = 3.907 ns )                    ; cpt[12] ; cpt[31] ; clk_1kHz   ; clk_1kHz ; None                        ; None                      ; 3.688 ns                ;
; N/A                                     ; 255.95 MHz ( period = 3.907 ns )                    ; cpt[23] ; cpt[30] ; clk_1kHz   ; clk_1kHz ; None                        ; None                      ; 3.693 ns                ;
; N/A                                     ; 255.95 MHz ( period = 3.907 ns )                    ; cpt[12] ; cpt[30] ; clk_1kHz   ; clk_1kHz ; None                        ; None                      ; 3.688 ns                ;
; N/A                                     ; 255.95 MHz ( period = 3.907 ns )                    ; cpt[23] ; cpt[29] ; clk_1kHz   ; clk_1kHz ; None                        ; None                      ; 3.693 ns                ;
; N/A                                     ; 255.95 MHz ( period = 3.907 ns )                    ; cpt[12] ; cpt[29] ; clk_1kHz   ; clk_1kHz ; None                        ; None                      ; 3.688 ns                ;
; N/A                                     ; 255.95 MHz ( period = 3.907 ns )                    ; cpt[23] ; cpt[23] ; clk_1kHz   ; clk_1kHz ; None                        ; None                      ; 3.693 ns                ;
; N/A                                     ; 255.95 MHz ( period = 3.907 ns )                    ; cpt[12] ; cpt[23] ; clk_1kHz   ; clk_1kHz ; None                        ; None                      ; 3.688 ns                ;
; N/A                                     ; 255.95 MHz ( period = 3.907 ns )                    ; cpt[23] ; cpt[24] ; clk_1kHz   ; clk_1kHz ; None                        ; None                      ; 3.693 ns                ;
; N/A                                     ; 255.95 MHz ( period = 3.907 ns )                    ; cpt[12] ; cpt[24] ; clk_1kHz   ; clk_1kHz ; None                        ; None                      ; 3.688 ns                ;
; N/A                                     ; 255.95 MHz ( period = 3.907 ns )                    ; cpt[23] ; cpt[25] ; clk_1kHz   ; clk_1kHz ; None                        ; None                      ; 3.693 ns                ;
; N/A                                     ; 255.95 MHz ( period = 3.907 ns )                    ; cpt[12] ; cpt[25] ; clk_1kHz   ; clk_1kHz ; None                        ; None                      ; 3.688 ns                ;
; N/A                                     ; 255.95 MHz ( period = 3.907 ns )                    ; cpt[23] ; cpt[26] ; clk_1kHz   ; clk_1kHz ; None                        ; None                      ; 3.693 ns                ;
; N/A                                     ; 255.95 MHz ( period = 3.907 ns )                    ; cpt[12] ; cpt[26] ; clk_1kHz   ; clk_1kHz ; None                        ; None                      ; 3.688 ns                ;
; N/A                                     ; 255.95 MHz ( period = 3.907 ns )                    ; cpt[23] ; cpt[19] ; clk_1kHz   ; clk_1kHz ; None                        ; None                      ; 3.693 ns                ;
; N/A                                     ; 255.95 MHz ( period = 3.907 ns )                    ; cpt[12] ; cpt[19] ; clk_1kHz   ; clk_1kHz ; None                        ; None                      ; 3.688 ns                ;
; N/A                                     ; 255.95 MHz ( period = 3.907 ns )                    ; cpt[23] ; cpt[21] ; clk_1kHz   ; clk_1kHz ; None                        ; None                      ; 3.693 ns                ;
; N/A                                     ; 255.95 MHz ( period = 3.907 ns )                    ; cpt[12] ; cpt[21] ; clk_1kHz   ; clk_1kHz ; None                        ; None                      ; 3.688 ns                ;
; N/A                                     ; 255.95 MHz ( period = 3.907 ns )                    ; cpt[23] ; cpt[20] ; clk_1kHz   ; clk_1kHz ; None                        ; None                      ; 3.693 ns                ;
; N/A                                     ; 255.95 MHz ( period = 3.907 ns )                    ; cpt[12] ; cpt[20] ; clk_1kHz   ; clk_1kHz ; None                        ; None                      ; 3.688 ns                ;
; N/A                                     ; 255.95 MHz ( period = 3.907 ns )                    ; cpt[23] ; cpt[22] ; clk_1kHz   ; clk_1kHz ; None                        ; None                      ; 3.693 ns                ;
; N/A                                     ; 255.95 MHz ( period = 3.907 ns )                    ; cpt[12] ; cpt[22] ; clk_1kHz   ; clk_1kHz ; None                        ; None                      ; 3.688 ns                ;
; N/A                                     ; 255.95 MHz ( period = 3.907 ns )                    ; cpt[23] ; cpt[28] ; clk_1kHz   ; clk_1kHz ; None                        ; None                      ; 3.693 ns                ;
; N/A                                     ; 255.95 MHz ( period = 3.907 ns )                    ; cpt[12] ; cpt[28] ; clk_1kHz   ; clk_1kHz ; None                        ; None                      ; 3.688 ns                ;
; N/A                                     ; 255.95 MHz ( period = 3.907 ns )                    ; cpt[23] ; cpt[27] ; clk_1kHz   ; clk_1kHz ; None                        ; None                      ; 3.693 ns                ;
; N/A                                     ; 255.95 MHz ( period = 3.907 ns )                    ; cpt[12] ; cpt[27] ; clk_1kHz   ; clk_1kHz ; None                        ; None                      ; 3.688 ns                ;
; N/A                                     ; 255.95 MHz ( period = 3.907 ns )                    ; cpt[23] ; cpt[16] ; clk_1kHz   ; clk_1kHz ; None                        ; None                      ; 3.693 ns                ;
; N/A                                     ; 255.95 MHz ( period = 3.907 ns )                    ; cpt[12] ; cpt[16] ; clk_1kHz   ; clk_1kHz ; None                        ; None                      ; 3.688 ns                ;
; N/A                                     ; 255.95 MHz ( period = 3.907 ns )                    ; cpt[23] ; cpt[17] ; clk_1kHz   ; clk_1kHz ; None                        ; None                      ; 3.693 ns                ;
; N/A                                     ; 255.95 MHz ( period = 3.907 ns )                    ; cpt[12] ; cpt[17] ; clk_1kHz   ; clk_1kHz ; None                        ; None                      ; 3.688 ns                ;
; N/A                                     ; 255.95 MHz ( period = 3.907 ns )                    ; cpt[23] ; cpt[18] ; clk_1kHz   ; clk_1kHz ; None                        ; None                      ; 3.693 ns                ;
; N/A                                     ; 255.95 MHz ( period = 3.907 ns )                    ; cpt[12] ; cpt[18] ; clk_1kHz   ; clk_1kHz ; None                        ; None                      ; 3.688 ns                ;
; N/A                                     ; 262.12 MHz ( period = 3.815 ns )                    ; cpt[13] ; cpt[31] ; clk_1kHz   ; clk_1kHz ; None                        ; None                      ; 3.596 ns                ;
; N/A                                     ; 262.12 MHz ( period = 3.815 ns )                    ; cpt[13] ; cpt[30] ; clk_1kHz   ; clk_1kHz ; None                        ; None                      ; 3.596 ns                ;
; N/A                                     ; 262.12 MHz ( period = 3.815 ns )                    ; cpt[13] ; cpt[29] ; clk_1kHz   ; clk_1kHz ; None                        ; None                      ; 3.596 ns                ;
; N/A                                     ; 262.12 MHz ( period = 3.815 ns )                    ; cpt[13] ; cpt[23] ; clk_1kHz   ; clk_1kHz ; None                        ; None                      ; 3.596 ns                ;
; N/A                                     ; 262.12 MHz ( period = 3.815 ns )                    ; cpt[13] ; cpt[24] ; clk_1kHz   ; clk_1kHz ; None                        ; None                      ; 3.596 ns                ;
; N/A                                     ; 262.12 MHz ( period = 3.815 ns )                    ; cpt[13] ; cpt[25] ; clk_1kHz   ; clk_1kHz ; None                        ; None                      ; 3.596 ns                ;
; N/A                                     ; 262.12 MHz ( period = 3.815 ns )                    ; cpt[13] ; cpt[26] ; clk_1kHz   ; clk_1kHz ; None                        ; None                      ; 3.596 ns                ;
; N/A                                     ; 262.12 MHz ( period = 3.815 ns )                    ; cpt[13] ; cpt[19] ; clk_1kHz   ; clk_1kHz ; None                        ; None                      ; 3.596 ns                ;
; N/A                                     ; 262.12 MHz ( period = 3.815 ns )                    ; cpt[13] ; cpt[21] ; clk_1kHz   ; clk_1kHz ; None                        ; None                      ; 3.596 ns                ;
; N/A                                     ; 262.12 MHz ( period = 3.815 ns )                    ; cpt[13] ; cpt[20] ; clk_1kHz   ; clk_1kHz ; None                        ; None                      ; 3.596 ns                ;
; N/A                                     ; 262.12 MHz ( period = 3.815 ns )                    ; cpt[13] ; cpt[22] ; clk_1kHz   ; clk_1kHz ; None                        ; None                      ; 3.596 ns                ;
; N/A                                     ; 262.12 MHz ( period = 3.815 ns )                    ; cpt[13] ; cpt[28] ; clk_1kHz   ; clk_1kHz ; None                        ; None                      ; 3.596 ns                ;
; N/A                                     ; 262.12 MHz ( period = 3.815 ns )                    ; cpt[13] ; cpt[27] ; clk_1kHz   ; clk_1kHz ; None                        ; None                      ; 3.596 ns                ;
; N/A                                     ; 262.12 MHz ( period = 3.815 ns )                    ; cpt[13] ; cpt[16] ; clk_1kHz   ; clk_1kHz ; None                        ; None                      ; 3.596 ns                ;
; N/A                                     ; 262.12 MHz ( period = 3.815 ns )                    ; cpt[13] ; cpt[17] ; clk_1kHz   ; clk_1kHz ; None                        ; None                      ; 3.596 ns                ;
; N/A                                     ; 262.12 MHz ( period = 3.815 ns )                    ; cpt[13] ; cpt[18] ; clk_1kHz   ; clk_1kHz ; None                        ; None                      ; 3.596 ns                ;
; N/A                                     ; 263.30 MHz ( period = 3.798 ns )                    ; cpt[0]  ; cpt[31] ; clk_1kHz   ; clk_1kHz ; None                        ; None                      ; 3.579 ns                ;
; N/A                                     ; 263.85 MHz ( period = 3.790 ns )                    ; cpt[8]  ; cpt[31] ; clk_1kHz   ; clk_1kHz ; None                        ; None                      ; 3.571 ns                ;
; N/A                                     ; 263.85 MHz ( period = 3.790 ns )                    ; cpt[8]  ; cpt[30] ; clk_1kHz   ; clk_1kHz ; None                        ; None                      ; 3.571 ns                ;
; N/A                                     ; 263.85 MHz ( period = 3.790 ns )                    ; cpt[8]  ; cpt[29] ; clk_1kHz   ; clk_1kHz ; None                        ; None                      ; 3.571 ns                ;
; N/A                                     ; 263.85 MHz ( period = 3.790 ns )                    ; cpt[8]  ; cpt[23] ; clk_1kHz   ; clk_1kHz ; None                        ; None                      ; 3.571 ns                ;
; N/A                                     ; 263.85 MHz ( period = 3.790 ns )                    ; cpt[8]  ; cpt[24] ; clk_1kHz   ; clk_1kHz ; None                        ; None                      ; 3.571 ns                ;
; N/A                                     ; 263.85 MHz ( period = 3.790 ns )                    ; cpt[8]  ; cpt[25] ; clk_1kHz   ; clk_1kHz ; None                        ; None                      ; 3.571 ns                ;
; N/A                                     ; 263.85 MHz ( period = 3.790 ns )                    ; cpt[8]  ; cpt[26] ; clk_1kHz   ; clk_1kHz ; None                        ; None                      ; 3.571 ns                ;
; N/A                                     ; 263.85 MHz ( period = 3.790 ns )                    ; cpt[8]  ; cpt[19] ; clk_1kHz   ; clk_1kHz ; None                        ; None                      ; 3.571 ns                ;
; N/A                                     ; 263.85 MHz ( period = 3.790 ns )                    ; cpt[8]  ; cpt[21] ; clk_1kHz   ; clk_1kHz ; None                        ; None                      ; 3.571 ns                ;
; N/A                                     ; 263.85 MHz ( period = 3.790 ns )                    ; cpt[8]  ; cpt[20] ; clk_1kHz   ; clk_1kHz ; None                        ; None                      ; 3.571 ns                ;
; N/A                                     ; 263.85 MHz ( period = 3.790 ns )                    ; cpt[8]  ; cpt[22] ; clk_1kHz   ; clk_1kHz ; None                        ; None                      ; 3.571 ns                ;
; N/A                                     ; 263.85 MHz ( period = 3.790 ns )                    ; cpt[8]  ; cpt[28] ; clk_1kHz   ; clk_1kHz ; None                        ; None                      ; 3.571 ns                ;
; N/A                                     ; 263.85 MHz ( period = 3.790 ns )                    ; cpt[8]  ; cpt[27] ; clk_1kHz   ; clk_1kHz ; None                        ; None                      ; 3.571 ns                ;
; N/A                                     ; 263.85 MHz ( period = 3.790 ns )                    ; cpt[8]  ; cpt[16] ; clk_1kHz   ; clk_1kHz ; None                        ; None                      ; 3.571 ns                ;
; N/A                                     ; 263.85 MHz ( period = 3.790 ns )                    ; cpt[8]  ; cpt[17] ; clk_1kHz   ; clk_1kHz ; None                        ; None                      ; 3.571 ns                ;
; N/A                                     ; 263.85 MHz ( period = 3.790 ns )                    ; cpt[8]  ; cpt[18] ; clk_1kHz   ; clk_1kHz ; None                        ; None                      ; 3.571 ns                ;
; N/A                                     ; 264.27 MHz ( period = 3.784 ns )                    ; cpt[11] ; cpt[31] ; clk_1kHz   ; clk_1kHz ; None                        ; None                      ; 3.565 ns                ;
; N/A                                     ; 264.27 MHz ( period = 3.784 ns )                    ; cpt[11] ; cpt[30] ; clk_1kHz   ; clk_1kHz ; None                        ; None                      ; 3.565 ns                ;
; N/A                                     ; 264.27 MHz ( period = 3.784 ns )                    ; cpt[11] ; cpt[29] ; clk_1kHz   ; clk_1kHz ; None                        ; None                      ; 3.565 ns                ;
; N/A                                     ; 264.27 MHz ( period = 3.784 ns )                    ; cpt[11] ; cpt[23] ; clk_1kHz   ; clk_1kHz ; None                        ; None                      ; 3.565 ns                ;
; N/A                                     ; 264.27 MHz ( period = 3.784 ns )                    ; cpt[11] ; cpt[24] ; clk_1kHz   ; clk_1kHz ; None                        ; None                      ; 3.565 ns                ;
; N/A                                     ; 264.27 MHz ( period = 3.784 ns )                    ; cpt[11] ; cpt[25] ; clk_1kHz   ; clk_1kHz ; None                        ; None                      ; 3.565 ns                ;
; N/A                                     ; 264.27 MHz ( period = 3.784 ns )                    ; cpt[11] ; cpt[26] ; clk_1kHz   ; clk_1kHz ; None                        ; None                      ; 3.565 ns                ;
; N/A                                     ; 264.27 MHz ( period = 3.784 ns )                    ; cpt[11] ; cpt[19] ; clk_1kHz   ; clk_1kHz ; None                        ; None                      ; 3.565 ns                ;
; N/A                                     ; 264.27 MHz ( period = 3.784 ns )                    ; cpt[11] ; cpt[21] ; clk_1kHz   ; clk_1kHz ; None                        ; None                      ; 3.565 ns                ;
; N/A                                     ; 264.27 MHz ( period = 3.784 ns )                    ; cpt[11] ; cpt[20] ; clk_1kHz   ; clk_1kHz ; None                        ; None                      ; 3.565 ns                ;
; N/A                                     ; 264.27 MHz ( period = 3.784 ns )                    ; cpt[11] ; cpt[22] ; clk_1kHz   ; clk_1kHz ; None                        ; None                      ; 3.565 ns                ;
; N/A                                     ; 264.27 MHz ( period = 3.784 ns )                    ; cpt[11] ; cpt[28] ; clk_1kHz   ; clk_1kHz ; None                        ; None                      ; 3.565 ns                ;
; N/A                                     ; 264.27 MHz ( period = 3.784 ns )                    ; cpt[11] ; cpt[27] ; clk_1kHz   ; clk_1kHz ; None                        ; None                      ; 3.565 ns                ;
; N/A                                     ; 264.27 MHz ( period = 3.784 ns )                    ; cpt[11] ; cpt[16] ; clk_1kHz   ; clk_1kHz ; None                        ; None                      ; 3.565 ns                ;
; N/A                                     ; 264.27 MHz ( period = 3.784 ns )                    ; cpt[11] ; cpt[17] ; clk_1kHz   ; clk_1kHz ; None                        ; None                      ; 3.565 ns                ;
; N/A                                     ; 264.27 MHz ( period = 3.784 ns )                    ; cpt[11] ; cpt[18] ; clk_1kHz   ; clk_1kHz ; None                        ; None                      ; 3.565 ns                ;
; N/A                                     ; 264.76 MHz ( period = 3.777 ns )                    ; cpt[25] ; cpt[31] ; clk_1kHz   ; clk_1kHz ; None                        ; None                      ; 3.563 ns                ;
; N/A                                     ; 264.76 MHz ( period = 3.777 ns )                    ; cpt[25] ; cpt[30] ; clk_1kHz   ; clk_1kHz ; None                        ; None                      ; 3.563 ns                ;
; N/A                                     ; 264.76 MHz ( period = 3.777 ns )                    ; cpt[25] ; cpt[29] ; clk_1kHz   ; clk_1kHz ; None                        ; None                      ; 3.563 ns                ;
; N/A                                     ; 264.76 MHz ( period = 3.777 ns )                    ; cpt[25] ; cpt[23] ; clk_1kHz   ; clk_1kHz ; None                        ; None                      ; 3.563 ns                ;
; N/A                                     ; 264.76 MHz ( period = 3.777 ns )                    ; cpt[25] ; cpt[24] ; clk_1kHz   ; clk_1kHz ; None                        ; None                      ; 3.563 ns                ;
; N/A                                     ; 264.76 MHz ( period = 3.777 ns )                    ; cpt[25] ; cpt[25] ; clk_1kHz   ; clk_1kHz ; None                        ; None                      ; 3.563 ns                ;
; N/A                                     ; 264.76 MHz ( period = 3.777 ns )                    ; cpt[25] ; cpt[26] ; clk_1kHz   ; clk_1kHz ; None                        ; None                      ; 3.563 ns                ;
; N/A                                     ; 264.76 MHz ( period = 3.777 ns )                    ; cpt[25] ; cpt[19] ; clk_1kHz   ; clk_1kHz ; None                        ; None                      ; 3.563 ns                ;
; N/A                                     ; 264.76 MHz ( period = 3.777 ns )                    ; cpt[25] ; cpt[21] ; clk_1kHz   ; clk_1kHz ; None                        ; None                      ; 3.563 ns                ;
; N/A                                     ; 264.76 MHz ( period = 3.777 ns )                    ; cpt[25] ; cpt[20] ; clk_1kHz   ; clk_1kHz ; None                        ; None                      ; 3.563 ns                ;
; N/A                                     ; 264.76 MHz ( period = 3.777 ns )                    ; cpt[25] ; cpt[22] ; clk_1kHz   ; clk_1kHz ; None                        ; None                      ; 3.563 ns                ;
; N/A                                     ; 264.76 MHz ( period = 3.777 ns )                    ; cpt[25] ; cpt[28] ; clk_1kHz   ; clk_1kHz ; None                        ; None                      ; 3.563 ns                ;
; N/A                                     ; 264.76 MHz ( period = 3.777 ns )                    ; cpt[25] ; cpt[27] ; clk_1kHz   ; clk_1kHz ; None                        ; None                      ; 3.563 ns                ;
; N/A                                     ; 264.76 MHz ( period = 3.777 ns )                    ; cpt[25] ; cpt[16] ; clk_1kHz   ; clk_1kHz ; None                        ; None                      ; 3.563 ns                ;
; N/A                                     ; 264.76 MHz ( period = 3.777 ns )                    ; cpt[25] ; cpt[17] ; clk_1kHz   ; clk_1kHz ; None                        ; None                      ; 3.563 ns                ;
; N/A                                     ; 264.76 MHz ( period = 3.777 ns )                    ; cpt[25] ; cpt[18] ; clk_1kHz   ; clk_1kHz ; None                        ; None                      ; 3.563 ns                ;
; N/A                                     ; 264.83 MHz ( period = 3.776 ns )                    ; cpt[14] ; cpt[31] ; clk_1kHz   ; clk_1kHz ; None                        ; None                      ; 3.557 ns                ;
; N/A                                     ; 264.83 MHz ( period = 3.776 ns )                    ; cpt[14] ; cpt[30] ; clk_1kHz   ; clk_1kHz ; None                        ; None                      ; 3.557 ns                ;
; N/A                                     ; 264.83 MHz ( period = 3.776 ns )                    ; cpt[14] ; cpt[29] ; clk_1kHz   ; clk_1kHz ; None                        ; None                      ; 3.557 ns                ;
; N/A                                     ; 264.83 MHz ( period = 3.776 ns )                    ; cpt[14] ; cpt[23] ; clk_1kHz   ; clk_1kHz ; None                        ; None                      ; 3.557 ns                ;
; N/A                                     ; 264.83 MHz ( period = 3.776 ns )                    ; cpt[14] ; cpt[24] ; clk_1kHz   ; clk_1kHz ; None                        ; None                      ; 3.557 ns                ;
; N/A                                     ; 264.83 MHz ( period = 3.776 ns )                    ; cpt[14] ; cpt[25] ; clk_1kHz   ; clk_1kHz ; None                        ; None                      ; 3.557 ns                ;
; N/A                                     ; 264.83 MHz ( period = 3.776 ns )                    ; cpt[14] ; cpt[26] ; clk_1kHz   ; clk_1kHz ; None                        ; None                      ; 3.557 ns                ;
; N/A                                     ; 264.83 MHz ( period = 3.776 ns )                    ; cpt[14] ; cpt[19] ; clk_1kHz   ; clk_1kHz ; None                        ; None                      ; 3.557 ns                ;
; N/A                                     ; 264.83 MHz ( period = 3.776 ns )                    ; cpt[14] ; cpt[21] ; clk_1kHz   ; clk_1kHz ; None                        ; None                      ; 3.557 ns                ;
; N/A                                     ; 264.83 MHz ( period = 3.776 ns )                    ; cpt[14] ; cpt[20] ; clk_1kHz   ; clk_1kHz ; None                        ; None                      ; 3.557 ns                ;
; N/A                                     ; 264.83 MHz ( period = 3.776 ns )                    ; cpt[14] ; cpt[22] ; clk_1kHz   ; clk_1kHz ; None                        ; None                      ; 3.557 ns                ;
; N/A                                     ; 264.83 MHz ( period = 3.776 ns )                    ; cpt[14] ; cpt[28] ; clk_1kHz   ; clk_1kHz ; None                        ; None                      ; 3.557 ns                ;
; N/A                                     ; 264.83 MHz ( period = 3.776 ns )                    ; cpt[14] ; cpt[27] ; clk_1kHz   ; clk_1kHz ; None                        ; None                      ; 3.557 ns                ;
; N/A                                     ; 264.83 MHz ( period = 3.776 ns )                    ; cpt[14] ; cpt[16] ; clk_1kHz   ; clk_1kHz ; None                        ; None                      ; 3.557 ns                ;
; N/A                                     ; 264.83 MHz ( period = 3.776 ns )                    ; cpt[14] ; cpt[17] ; clk_1kHz   ; clk_1kHz ; None                        ; None                      ; 3.557 ns                ;
; N/A                                     ; 264.83 MHz ( period = 3.776 ns )                    ; cpt[14] ; cpt[18] ; clk_1kHz   ; clk_1kHz ; None                        ; None                      ; 3.557 ns                ;
; N/A                                     ; 266.31 MHz ( period = 3.755 ns )                    ; cpt[9]  ; cpt[31] ; clk_1kHz   ; clk_1kHz ; None                        ; None                      ; 3.536 ns                ;
; N/A                                     ; 266.31 MHz ( period = 3.755 ns )                    ; cpt[9]  ; cpt[30] ; clk_1kHz   ; clk_1kHz ; None                        ; None                      ; 3.536 ns                ;
; N/A                                     ; 266.31 MHz ( period = 3.755 ns )                    ; cpt[9]  ; cpt[29] ; clk_1kHz   ; clk_1kHz ; None                        ; None                      ; 3.536 ns                ;
; N/A                                     ; 266.31 MHz ( period = 3.755 ns )                    ; cpt[9]  ; cpt[23] ; clk_1kHz   ; clk_1kHz ; None                        ; None                      ; 3.536 ns                ;
; N/A                                     ; 266.31 MHz ( period = 3.755 ns )                    ; cpt[9]  ; cpt[24] ; clk_1kHz   ; clk_1kHz ; None                        ; None                      ; 3.536 ns                ;
; N/A                                     ; 266.31 MHz ( period = 3.755 ns )                    ; cpt[9]  ; cpt[25] ; clk_1kHz   ; clk_1kHz ; None                        ; None                      ; 3.536 ns                ;
; N/A                                     ; 266.31 MHz ( period = 3.755 ns )                    ; cpt[9]  ; cpt[26] ; clk_1kHz   ; clk_1kHz ; None                        ; None                      ; 3.536 ns                ;
; N/A                                     ; 266.31 MHz ( period = 3.755 ns )                    ; cpt[9]  ; cpt[19] ; clk_1kHz   ; clk_1kHz ; None                        ; None                      ; 3.536 ns                ;
; N/A                                     ; 266.31 MHz ( period = 3.755 ns )                    ; cpt[9]  ; cpt[21] ; clk_1kHz   ; clk_1kHz ; None                        ; None                      ; 3.536 ns                ;
; N/A                                     ; 266.31 MHz ( period = 3.755 ns )                    ; cpt[9]  ; cpt[20] ; clk_1kHz   ; clk_1kHz ; None                        ; None                      ; 3.536 ns                ;
; N/A                                     ; 266.31 MHz ( period = 3.755 ns )                    ; cpt[9]  ; cpt[22] ; clk_1kHz   ; clk_1kHz ; None                        ; None                      ; 3.536 ns                ;
; N/A                                     ; 266.31 MHz ( period = 3.755 ns )                    ; cpt[9]  ; cpt[28] ; clk_1kHz   ; clk_1kHz ; None                        ; None                      ; 3.536 ns                ;
; N/A                                     ; 266.31 MHz ( period = 3.755 ns )                    ; cpt[9]  ; cpt[27] ; clk_1kHz   ; clk_1kHz ; None                        ; None                      ; 3.536 ns                ;
; N/A                                     ; 266.31 MHz ( period = 3.755 ns )                    ; cpt[9]  ; cpt[16] ; clk_1kHz   ; clk_1kHz ; None                        ; None                      ; 3.536 ns                ;
; N/A                                     ; 266.31 MHz ( period = 3.755 ns )                    ; cpt[9]  ; cpt[17] ; clk_1kHz   ; clk_1kHz ; None                        ; None                      ; 3.536 ns                ;
; N/A                                     ; 266.31 MHz ( period = 3.755 ns )                    ; cpt[9]  ; cpt[18] ; clk_1kHz   ; clk_1kHz ; None                        ; None                      ; 3.536 ns                ;
; N/A                                     ; 266.52 MHz ( period = 3.752 ns )                    ; cpt[16] ; cpt[31] ; clk_1kHz   ; clk_1kHz ; None                        ; None                      ; 3.538 ns                ;
; N/A                                     ; 266.52 MHz ( period = 3.752 ns )                    ; cpt[16] ; cpt[30] ; clk_1kHz   ; clk_1kHz ; None                        ; None                      ; 3.538 ns                ;
; N/A                                     ; 266.52 MHz ( period = 3.752 ns )                    ; cpt[16] ; cpt[29] ; clk_1kHz   ; clk_1kHz ; None                        ; None                      ; 3.538 ns                ;
; N/A                                     ; 266.52 MHz ( period = 3.752 ns )                    ; cpt[16] ; cpt[23] ; clk_1kHz   ; clk_1kHz ; None                        ; None                      ; 3.538 ns                ;
; N/A                                     ; 266.52 MHz ( period = 3.752 ns )                    ; cpt[16] ; cpt[24] ; clk_1kHz   ; clk_1kHz ; None                        ; None                      ; 3.538 ns                ;
; N/A                                     ; 266.52 MHz ( period = 3.752 ns )                    ; cpt[16] ; cpt[25] ; clk_1kHz   ; clk_1kHz ; None                        ; None                      ; 3.538 ns                ;
; N/A                                     ; 266.52 MHz ( period = 3.752 ns )                    ; cpt[16] ; cpt[26] ; clk_1kHz   ; clk_1kHz ; None                        ; None                      ; 3.538 ns                ;
; N/A                                     ; 266.52 MHz ( period = 3.752 ns )                    ; cpt[16] ; cpt[19] ; clk_1kHz   ; clk_1kHz ; None                        ; None                      ; 3.538 ns                ;
; N/A                                     ; 266.52 MHz ( period = 3.752 ns )                    ; cpt[16] ; cpt[21] ; clk_1kHz   ; clk_1kHz ; None                        ; None                      ; 3.538 ns                ;
; N/A                                     ; 266.52 MHz ( period = 3.752 ns )                    ; cpt[16] ; cpt[20] ; clk_1kHz   ; clk_1kHz ; None                        ; None                      ; 3.538 ns                ;
; N/A                                     ; 266.52 MHz ( period = 3.752 ns )                    ; cpt[16] ; cpt[22] ; clk_1kHz   ; clk_1kHz ; None                        ; None                      ; 3.538 ns                ;
; N/A                                     ; 266.52 MHz ( period = 3.752 ns )                    ; cpt[16] ; cpt[28] ; clk_1kHz   ; clk_1kHz ; None                        ; None                      ; 3.538 ns                ;
; N/A                                     ; 266.52 MHz ( period = 3.752 ns )                    ; cpt[16] ; cpt[27] ; clk_1kHz   ; clk_1kHz ; None                        ; None                      ; 3.538 ns                ;
; N/A                                     ; 266.52 MHz ( period = 3.752 ns )                    ; cpt[16] ; cpt[16] ; clk_1kHz   ; clk_1kHz ; None                        ; None                      ; 3.538 ns                ;
; N/A                                     ; 266.52 MHz ( period = 3.752 ns )                    ; cpt[16] ; cpt[17] ; clk_1kHz   ; clk_1kHz ; None                        ; None                      ; 3.538 ns                ;
; N/A                                     ; 266.52 MHz ( period = 3.752 ns )                    ; cpt[16] ; cpt[18] ; clk_1kHz   ; clk_1kHz ; None                        ; None                      ; 3.538 ns                ;
; N/A                                     ; 266.95 MHz ( period = 3.746 ns )                    ; cpt[10] ; cpt[31] ; clk_1kHz   ; clk_1kHz ; None                        ; None                      ; 3.527 ns                ;
; N/A                                     ; 266.95 MHz ( period = 3.746 ns )                    ; cpt[10] ; cpt[30] ; clk_1kHz   ; clk_1kHz ; None                        ; None                      ; 3.527 ns                ;
; N/A                                     ; 266.95 MHz ( period = 3.746 ns )                    ; cpt[10] ; cpt[29] ; clk_1kHz   ; clk_1kHz ; None                        ; None                      ; 3.527 ns                ;
; N/A                                     ; 266.95 MHz ( period = 3.746 ns )                    ; cpt[10] ; cpt[23] ; clk_1kHz   ; clk_1kHz ; None                        ; None                      ; 3.527 ns                ;
; N/A                                     ; 266.95 MHz ( period = 3.746 ns )                    ; cpt[10] ; cpt[24] ; clk_1kHz   ; clk_1kHz ; None                        ; None                      ; 3.527 ns                ;
; N/A                                     ; 266.95 MHz ( period = 3.746 ns )                    ; cpt[10] ; cpt[25] ; clk_1kHz   ; clk_1kHz ; None                        ; None                      ; 3.527 ns                ;
; N/A                                     ; 266.95 MHz ( period = 3.746 ns )                    ; cpt[10] ; cpt[26] ; clk_1kHz   ; clk_1kHz ; None                        ; None                      ; 3.527 ns                ;
; N/A                                     ; 266.95 MHz ( period = 3.746 ns )                    ; cpt[10] ; cpt[19] ; clk_1kHz   ; clk_1kHz ; None                        ; None                      ; 3.527 ns                ;
; N/A                                     ; 266.95 MHz ( period = 3.746 ns )                    ; cpt[10] ; cpt[21] ; clk_1kHz   ; clk_1kHz ; None                        ; None                      ; 3.527 ns                ;
; N/A                                     ; 266.95 MHz ( period = 3.746 ns )                    ; cpt[10] ; cpt[20] ; clk_1kHz   ; clk_1kHz ; None                        ; None                      ; 3.527 ns                ;
; N/A                                     ; 266.95 MHz ( period = 3.746 ns )                    ; cpt[10] ; cpt[22] ; clk_1kHz   ; clk_1kHz ; None                        ; None                      ; 3.527 ns                ;
; N/A                                     ; 266.95 MHz ( period = 3.746 ns )                    ; cpt[10] ; cpt[28] ; clk_1kHz   ; clk_1kHz ; None                        ; None                      ; 3.527 ns                ;
; N/A                                     ; 266.95 MHz ( period = 3.746 ns )                    ; cpt[10] ; cpt[27] ; clk_1kHz   ; clk_1kHz ; None                        ; None                      ; 3.527 ns                ;
; N/A                                     ; 266.95 MHz ( period = 3.746 ns )                    ; cpt[10] ; cpt[16] ; clk_1kHz   ; clk_1kHz ; None                        ; None                      ; 3.527 ns                ;
; N/A                                     ; 266.95 MHz ( period = 3.746 ns )                    ; cpt[10] ; cpt[17] ; clk_1kHz   ; clk_1kHz ; None                        ; None                      ; 3.527 ns                ;
; N/A                                     ; 266.95 MHz ( period = 3.746 ns )                    ; cpt[10] ; cpt[18] ; clk_1kHz   ; clk_1kHz ; None                        ; None                      ; 3.527 ns                ;
; N/A                                     ; 267.31 MHz ( period = 3.741 ns )                    ; cpt[1]  ; cpt[31] ; clk_1kHz   ; clk_1kHz ; None                        ; None                      ; 3.522 ns                ;
; N/A                                     ; 267.59 MHz ( period = 3.737 ns )                    ; cpt[28] ; cpt[31] ; clk_1kHz   ; clk_1kHz ; None                        ; None                      ; 3.523 ns                ;
; N/A                                     ; 267.59 MHz ( period = 3.737 ns )                    ; cpt[28] ; cpt[30] ; clk_1kHz   ; clk_1kHz ; None                        ; None                      ; 3.523 ns                ;
; N/A                                     ; 267.59 MHz ( period = 3.737 ns )                    ; cpt[28] ; cpt[29] ; clk_1kHz   ; clk_1kHz ; None                        ; None                      ; 3.523 ns                ;
; N/A                                     ; 267.59 MHz ( period = 3.737 ns )                    ; cpt[28] ; cpt[23] ; clk_1kHz   ; clk_1kHz ; None                        ; None                      ; 3.523 ns                ;
; N/A                                     ; 267.59 MHz ( period = 3.737 ns )                    ; cpt[28] ; cpt[24] ; clk_1kHz   ; clk_1kHz ; None                        ; None                      ; 3.523 ns                ;
; N/A                                     ; 267.59 MHz ( period = 3.737 ns )                    ; cpt[28] ; cpt[25] ; clk_1kHz   ; clk_1kHz ; None                        ; None                      ; 3.523 ns                ;
; N/A                                     ; 267.59 MHz ( period = 3.737 ns )                    ; cpt[28] ; cpt[26] ; clk_1kHz   ; clk_1kHz ; None                        ; None                      ; 3.523 ns                ;
; N/A                                     ; 267.59 MHz ( period = 3.737 ns )                    ; cpt[28] ; cpt[19] ; clk_1kHz   ; clk_1kHz ; None                        ; None                      ; 3.523 ns                ;
; N/A                                     ; 267.59 MHz ( period = 3.737 ns )                    ; cpt[28] ; cpt[21] ; clk_1kHz   ; clk_1kHz ; None                        ; None                      ; 3.523 ns                ;
; N/A                                     ; 267.59 MHz ( period = 3.737 ns )                    ; cpt[28] ; cpt[20] ; clk_1kHz   ; clk_1kHz ; None                        ; None                      ; 3.523 ns                ;
; N/A                                     ; 267.59 MHz ( period = 3.737 ns )                    ; cpt[28] ; cpt[22] ; clk_1kHz   ; clk_1kHz ; None                        ; None                      ; 3.523 ns                ;
; N/A                                     ; 267.59 MHz ( period = 3.737 ns )                    ; cpt[28] ; cpt[28] ; clk_1kHz   ; clk_1kHz ; None                        ; None                      ; 3.523 ns                ;
; N/A                                     ; 267.59 MHz ( period = 3.737 ns )                    ; cpt[28] ; cpt[27] ; clk_1kHz   ; clk_1kHz ; None                        ; None                      ; 3.523 ns                ;
; N/A                                     ; 267.59 MHz ( period = 3.737 ns )                    ; cpt[28] ; cpt[16] ; clk_1kHz   ; clk_1kHz ; None                        ; None                      ; 3.523 ns                ;
; N/A                                     ; 267.59 MHz ( period = 3.737 ns )                    ; cpt[28] ; cpt[17] ; clk_1kHz   ; clk_1kHz ; None                        ; None                      ; 3.523 ns                ;
; N/A                                     ; 267.59 MHz ( period = 3.737 ns )                    ; cpt[28] ; cpt[18] ; clk_1kHz   ; clk_1kHz ; None                        ; None                      ; 3.523 ns                ;
; N/A                                     ; 268.31 MHz ( period = 3.727 ns )                    ; cpt[0]  ; cpt[30] ; clk_1kHz   ; clk_1kHz ; None                        ; None                      ; 3.508 ns                ;
; N/A                                     ; 268.38 MHz ( period = 3.726 ns )                    ; cpt[30] ; cpt[31] ; clk_1kHz   ; clk_1kHz ; None                        ; None                      ; 3.512 ns                ;
; N/A                                     ; 268.38 MHz ( period = 3.726 ns )                    ; cpt[30] ; cpt[30] ; clk_1kHz   ; clk_1kHz ; None                        ; None                      ; 3.512 ns                ;
; N/A                                     ; 268.38 MHz ( period = 3.726 ns )                    ; cpt[30] ; cpt[29] ; clk_1kHz   ; clk_1kHz ; None                        ; None                      ; 3.512 ns                ;
; N/A                                     ; 268.38 MHz ( period = 3.726 ns )                    ; cpt[30] ; cpt[23] ; clk_1kHz   ; clk_1kHz ; None                        ; None                      ; 3.512 ns                ;
; N/A                                     ; 268.38 MHz ( period = 3.726 ns )                    ; cpt[30] ; cpt[24] ; clk_1kHz   ; clk_1kHz ; None                        ; None                      ; 3.512 ns                ;
; N/A                                     ; 268.38 MHz ( period = 3.726 ns )                    ; cpt[30] ; cpt[25] ; clk_1kHz   ; clk_1kHz ; None                        ; None                      ; 3.512 ns                ;
; N/A                                     ; 268.38 MHz ( period = 3.726 ns )                    ; cpt[30] ; cpt[26] ; clk_1kHz   ; clk_1kHz ; None                        ; None                      ; 3.512 ns                ;
; N/A                                     ; 268.38 MHz ( period = 3.726 ns )                    ; cpt[30] ; cpt[19] ; clk_1kHz   ; clk_1kHz ; None                        ; None                      ; 3.512 ns                ;
; N/A                                     ; 268.38 MHz ( period = 3.726 ns )                    ; cpt[30] ; cpt[21] ; clk_1kHz   ; clk_1kHz ; None                        ; None                      ; 3.512 ns                ;
; N/A                                     ; 268.38 MHz ( period = 3.726 ns )                    ; cpt[30] ; cpt[20] ; clk_1kHz   ; clk_1kHz ; None                        ; None                      ; 3.512 ns                ;
; N/A                                     ; 268.38 MHz ( period = 3.726 ns )                    ; cpt[30] ; cpt[22] ; clk_1kHz   ; clk_1kHz ; None                        ; None                      ; 3.512 ns                ;
; N/A                                     ; 268.38 MHz ( period = 3.726 ns )                    ; cpt[30] ; cpt[28] ; clk_1kHz   ; clk_1kHz ; None                        ; None                      ; 3.512 ns                ;
; N/A                                     ; 268.38 MHz ( period = 3.726 ns )                    ; cpt[30] ; cpt[27] ; clk_1kHz   ; clk_1kHz ; None                        ; None                      ; 3.512 ns                ;
; N/A                                     ; 268.38 MHz ( period = 3.726 ns )                    ; cpt[30] ; cpt[16] ; clk_1kHz   ; clk_1kHz ; None                        ; None                      ; 3.512 ns                ;
; N/A                                     ; 268.38 MHz ( period = 3.726 ns )                    ; cpt[30] ; cpt[17] ; clk_1kHz   ; clk_1kHz ; None                        ; None                      ; 3.512 ns                ;
; N/A                                     ; 268.38 MHz ( period = 3.726 ns )                    ; cpt[30] ; cpt[18] ; clk_1kHz   ; clk_1kHz ; None                        ; None                      ; 3.512 ns                ;
; N/A                                     ; 271.59 MHz ( period = 3.682 ns )                    ; cpt[17] ; cpt[22] ; clk_1kHz   ; clk_1kHz ; None                        ; None                      ; 3.468 ns                ;
; N/A                                     ; 271.59 MHz ( period = 3.682 ns )                    ; cpt[17] ; cpt[28] ; clk_1kHz   ; clk_1kHz ; None                        ; None                      ; 3.468 ns                ;
; N/A                                     ; 271.59 MHz ( period = 3.682 ns )                    ; cpt[17] ; cpt[27] ; clk_1kHz   ; clk_1kHz ; None                        ; None                      ; 3.468 ns                ;
; N/A                                     ; 271.59 MHz ( period = 3.682 ns )                    ; cpt[17] ; cpt[16] ; clk_1kHz   ; clk_1kHz ; None                        ; None                      ; 3.468 ns                ;
; N/A                                     ; 271.59 MHz ( period = 3.682 ns )                    ; cpt[17] ; cpt[17] ; clk_1kHz   ; clk_1kHz ; None                        ; None                      ; 3.468 ns                ;
; Timing analysis restricted to 200 rows. ; To change the limit use Settings (Assignments menu) ;         ;         ;            ;          ;                             ;                           ;                         ;
+-----------------------------------------+-----------------------------------------------------+---------+---------+------------+----------+-----------------------------+---------------------------+-------------------------+


+-----------------------------------------------------------------+
; tco                                                             ;
+-------+--------------+------------+----------+-----+------------+
; Slack ; Required tco ; Actual tco ; From     ; To  ; From Clock ;
+-------+--------------+------------+----------+-----+------------+
; N/A   ; None         ; 6.459 ns   ; PWM~reg0 ; PWM ; clk_1kHz   ;
+-------+--------------+------------+----------+-----+------------+


+--------------------------+
; Timing Analyzer Messages ;
+--------------------------+
Info: *******************************************************************
Info: Running Quartus II Classic Timing Analyzer
    Info: Version 9.1 Build 350 03/24/2010 Service Pack 2 SJ Web Edition
    Info: Processing started: Tue Sep 15 11:35:25 2020
Info: Command: quartus_tan --read_settings_files=off --write_settings_files=off PWM -c PWM --timing_analysis_only
Warning: Timing Analysis is analyzing one or more combinational loops as latches
    Warning: Node "duty[2]" is a latch
    Warning: Node "duty[1]" is a latch
    Warning: Node "duty[0]" is a latch
Warning: Found pins functioning as undefined clocks and/or memory enables
    Info: Assuming node "clk_1kHz" is an undefined clock
Info: Clock "clk_1kHz" has Internal fmax of 255.95 MHz between source register "cpt[23]" and destination register "cpt[31]" (period= 3.907 ns)
    Info: + Longest register to register delay is 3.693 ns
        Info: 1: + IC(0.000 ns) + CELL(0.000 ns) = 0.000 ns; Loc. = LCFF_X63_Y31_N15; Fanout = 3; REG Node = 'cpt[23]'
        Info: 2: + IC(1.010 ns) + CELL(0.398 ns) = 1.408 ns; Loc. = LCCOMB_X62_Y32_N6; Fanout = 1; COMB Node = 'process_0~7'
        Info: 3: + IC(0.265 ns) + CELL(0.410 ns) = 2.083 ns; Loc. = LCCOMB_X62_Y32_N26; Fanout = 3; COMB Node = 'process_0~9'
        Info: 4: + IC(0.260 ns) + CELL(0.150 ns) = 2.493 ns; Loc. = LCCOMB_X62_Y32_N22; Fanout = 32; COMB Node = 'process_0~12'
        Info: 5: + IC(0.690 ns) + CELL(0.510 ns) = 3.693 ns; Loc. = LCFF_X63_Y31_N31; Fanout = 4; REG Node = 'cpt[31]'
        Info: Total cell delay = 1.468 ns ( 39.75 % )
        Info: Total interconnect delay = 2.225 ns ( 60.25 % )
    Info: - Smallest clock skew is 0.000 ns
        Info: + Shortest clock path from clock "clk_1kHz" to destination register is 2.679 ns
            Info: 1: + IC(0.000 ns) + CELL(0.999 ns) = 0.999 ns; Loc. = PIN_P2; Fanout = 1; CLK Node = 'clk_1kHz'
            Info: 2: + IC(0.118 ns) + CELL(0.000 ns) = 1.117 ns; Loc. = CLKCTRL_G3; Fanout = 34; COMB Node = 'clk_1kHz~clkctrl'
            Info: 3: + IC(1.025 ns) + CELL(0.537 ns) = 2.679 ns; Loc. = LCFF_X63_Y31_N31; Fanout = 4; REG Node = 'cpt[31]'
            Info: Total cell delay = 1.536 ns ( 57.33 % )
            Info: Total interconnect delay = 1.143 ns ( 42.67 % )
        Info: - Longest clock path from clock "clk_1kHz" to source register is 2.679 ns
            Info: 1: + IC(0.000 ns) + CELL(0.999 ns) = 0.999 ns; Loc. = PIN_P2; Fanout = 1; CLK Node = 'clk_1kHz'
            Info: 2: + IC(0.118 ns) + CELL(0.000 ns) = 1.117 ns; Loc. = CLKCTRL_G3; Fanout = 34; COMB Node = 'clk_1kHz~clkctrl'
            Info: 3: + IC(1.025 ns) + CELL(0.537 ns) = 2.679 ns; Loc. = LCFF_X63_Y31_N15; Fanout = 3; REG Node = 'cpt[23]'
            Info: Total cell delay = 1.536 ns ( 57.33 % )
            Info: Total interconnect delay = 1.143 ns ( 42.67 % )
    Info: + Micro clock to output delay of source is 0.250 ns
    Info: + Micro setup delay of destination is -0.036 ns
Info: tco from clock "clk_1kHz" to destination pin "PWM" through register "PWM~reg0" is 6.459 ns
    Info: + Longest clock path from clock "clk_1kHz" to source register is 2.683 ns
        Info: 1: + IC(0.000 ns) + CELL(0.999 ns) = 0.999 ns; Loc. = PIN_P2; Fanout = 1; CLK Node = 'clk_1kHz'
        Info: 2: + IC(0.118 ns) + CELL(0.000 ns) = 1.117 ns; Loc. = CLKCTRL_G3; Fanout = 34; COMB Node = 'clk_1kHz~clkctrl'
        Info: 3: + IC(1.029 ns) + CELL(0.537 ns) = 2.683 ns; Loc. = LCFF_X61_Y32_N25; Fanout = 2; REG Node = 'PWM~reg0'
        Info: Total cell delay = 1.536 ns ( 57.25 % )
        Info: Total interconnect delay = 1.147 ns ( 42.75 % )
    Info: + Micro clock to output delay of source is 0.250 ns
    Info: + Longest register to pin delay is 3.526 ns
        Info: 1: + IC(0.000 ns) + CELL(0.000 ns) = 0.000 ns; Loc. = LCFF_X61_Y32_N25; Fanout = 2; REG Node = 'PWM~reg0'
        Info: 2: + IC(0.718 ns) + CELL(2.808 ns) = 3.526 ns; Loc. = PIN_A22; Fanout = 0; PIN Node = 'PWM'
        Info: Total cell delay = 2.808 ns ( 79.64 % )
        Info: Total interconnect delay = 0.718 ns ( 20.36 % )
Info: Quartus II Classic Timing Analyzer was successful. 0 errors, 5 warnings
    Info: Peak virtual memory: 177 megabytes
    Info: Processing ended: Tue Sep 15 11:35:26 2020
    Info: Elapsed time: 00:00:01
    Info: Total CPU time (on all processors): 00:00:00


