Analysis & Synthesis report for F1
Fri Sep 25 11:08:06 2020
Quartus II Version 9.1 Build 350 03/24/2010 Service Pack 2 SJ Web Edition


---------------------
; Table of Contents ;
---------------------
  1. Legal Notice
  2. Analysis & Synthesis Summary
  3. Analysis & Synthesis Settings
  4. Parallel Compilation
  5. Analysis & Synthesis Source Files Read
  6. Analysis & Synthesis Resource Usage Summary
  7. Analysis & Synthesis Resource Utilization by Entity
  8. Registers Removed During Synthesis
  9. Removed Registers Triggering Further Register Optimizations
 10. General Register Statistics
 11. Multiplexer Restructuring Statistics (Restructuring Performed)
 12. Analysis & Synthesis Messages



----------------
; Legal Notice ;
----------------
Copyright (C) 1991-2010 Altera Corporation
Your use of Altera Corporation's design tools, logic functions 
and other software and tools, and its AMPP partner logic 
functions, and any output files from any of the foregoing 
(including device programming or simulation files), and any 
associated documentation or information are expressly subject 
to the terms and conditions of the Altera Program License 
Subscription Agreement, Altera MegaCore Function License 
Agreement, or other applicable license agreement, including, 
without limitation, that your use is for the sole purpose of 
programming logic devices manufactured by Altera and sold by 
Altera or its authorized distributors.  Please refer to the 
applicable agreement for further details.



+-----------------------------------------------------------------------------------+
; Analysis & Synthesis Summary                                                      ;
+------------------------------------+----------------------------------------------+
; Analysis & Synthesis Status        ; Successful - Fri Sep 25 11:08:06 2020        ;
; Quartus II Version                 ; 9.1 Build 350 03/24/2010 SP 2 SJ Web Edition ;
; Revision Name                      ; F1                                           ;
; Top-level Entity Name              ; F1                                           ;
; Family                             ; Cyclone II                                   ;
; Total logic elements               ; 150                                          ;
;     Total combinational functions  ; 136                                          ;
;     Dedicated logic registers      ; 90                                           ;
; Total registers                    ; 90                                           ;
; Total pins                         ; 10                                           ;
; Total virtual pins                 ; 0                                            ;
; Total memory bits                  ; 0                                            ;
; Embedded Multiplier 9-bit elements ; 0                                            ;
; Total PLLs                         ; 0                                            ;
+------------------------------------+----------------------------------------------+


+----------------------------------------------------------------------------------------------------------------------+
; Analysis & Synthesis Settings                                                                                        ;
+----------------------------------------------------------------------------+--------------------+--------------------+
; Option                                                                     ; Setting            ; Default Value      ;
+----------------------------------------------------------------------------+--------------------+--------------------+
; Device                                                                     ; EP2C35F672C6       ;                    ;
; Top-level entity name                                                      ; F1                 ; F1                 ;
; Family name                                                                ; Cyclone II         ; Stratix II         ;
; Use Generated Physical Constraints File                                    ; Off                ;                    ;
; Use smart compilation                                                      ; Off                ; Off                ;
; Enable parallel Assembler and TimeQuest Timing Analyzer during compilation ; On                 ; On                 ;
; Enable compact report table                                                ; Off                ; Off                ;
; Restructure Multiplexers                                                   ; Auto               ; Auto               ;
; Create Debugging Nodes for IP Cores                                        ; Off                ; Off                ;
; Preserve fewer node names                                                  ; On                 ; On                 ;
; Disable OpenCore Plus hardware evaluation                                  ; Off                ; Off                ;
; Verilog Version                                                            ; Verilog_2001       ; Verilog_2001       ;
; VHDL Version                                                               ; VHDL_1993          ; VHDL_1993          ;
; State Machine Processing                                                   ; Auto               ; Auto               ;
; Safe State Machine                                                         ; Off                ; Off                ;
; Extract Verilog State Machines                                             ; On                 ; On                 ;
; Extract VHDL State Machines                                                ; On                 ; On                 ;
; Ignore Verilog initial constructs                                          ; Off                ; Off                ;
; Iteration limit for constant Verilog loops                                 ; 5000               ; 5000               ;
; Iteration limit for non-constant Verilog loops                             ; 250                ; 250                ;
; Add Pass-Through Logic to Inferred RAMs                                    ; On                 ; On                 ;
; Parallel Synthesis                                                         ; On                 ; On                 ;
; DSP Block Balancing                                                        ; Auto               ; Auto               ;
; NOT Gate Push-Back                                                         ; On                 ; On                 ;
; Power-Up Don't Care                                                        ; On                 ; On                 ;
; Remove Redundant Logic Cells                                               ; Off                ; Off                ;
; Remove Duplicate Registers                                                 ; On                 ; On                 ;
; Ignore CARRY Buffers                                                       ; Off                ; Off                ;
; Ignore CASCADE Buffers                                                     ; Off                ; Off                ;
; Ignore GLOBAL Buffers                                                      ; Off                ; Off                ;
; Ignore ROW GLOBAL Buffers                                                  ; Off                ; Off                ;
; Ignore LCELL Buffers                                                       ; Off                ; Off                ;
; Ignore SOFT Buffers                                                        ; On                 ; On                 ;
; Limit AHDL Integers to 32 Bits                                             ; Off                ; Off                ;
; Optimization Technique                                                     ; Balanced           ; Balanced           ;
; Carry Chain Length                                                         ; 70                 ; 70                 ;
; Auto Carry Chains                                                          ; On                 ; On                 ;
; Auto Open-Drain Pins                                                       ; On                 ; On                 ;
; Perform WYSIWYG Primitive Resynthesis                                      ; Off                ; Off                ;
; Auto ROM Replacement                                                       ; On                 ; On                 ;
; Auto RAM Replacement                                                       ; On                 ; On                 ;
; Auto Shift Register Replacement                                            ; Auto               ; Auto               ;
; Auto Clock Enable Replacement                                              ; On                 ; On                 ;
; Strict RAM Replacement                                                     ; Off                ; Off                ;
; Allow Synchronous Control Signals                                          ; On                 ; On                 ;
; Force Use of Synchronous Clear Signals                                     ; Off                ; Off                ;
; Auto RAM to Logic Cell Conversion                                          ; Off                ; Off                ;
; Auto Resource Sharing                                                      ; Off                ; Off                ;
; Allow Any RAM Size For Recognition                                         ; Off                ; Off                ;
; Allow Any ROM Size For Recognition                                         ; Off                ; Off                ;
; Allow Any Shift Register Size For Recognition                              ; Off                ; Off                ;
; Use LogicLock Constraints during Resource Balancing                        ; On                 ; On                 ;
; Ignore translate_off and synthesis_off directives                          ; Off                ; Off                ;
; Timing-Driven Synthesis                                                    ; Off                ; Off                ;
; Show Parameter Settings Tables in Synthesis Report                         ; On                 ; On                 ;
; Ignore Maximum Fan-Out Assignments                                         ; Off                ; Off                ;
; Synchronization Register Chain Length                                      ; 2                  ; 2                  ;
; PowerPlay Power Optimization                                               ; Normal compilation ; Normal compilation ;
; HDL message level                                                          ; Level2             ; Level2             ;
; Suppress Register Optimization Related Messages                            ; Off                ; Off                ;
; Number of Removed Registers Reported in Synthesis Report                   ; 5000               ; 5000               ;
; Number of Inverted Registers Reported in Synthesis Report                  ; 100                ; 100                ;
; Clock MUX Protection                                                       ; On                 ; On                 ;
; Auto Gated Clock Conversion                                                ; Off                ; Off                ;
; Block Design Naming                                                        ; Auto               ; Auto               ;
; SDC constraint protection                                                  ; Off                ; Off                ;
; Synthesis Effort                                                           ; Auto               ; Auto               ;
; Shift Register Replacement - Allow Asynchronous Clear Signal               ; On                 ; On                 ;
; Analysis & Synthesis Message Level                                         ; Medium             ; Medium             ;
; Disable Register Merging Across Hierarchies                                ; Auto               ; Auto               ;
; Resource Aware Inference For Block RAM                                     ; On                 ; On                 ;
+----------------------------------------------------------------------------+--------------------+--------------------+


Parallel compilation was disabled, but you have multiple processors available. Enable parallel compilation to reduce compilation time.
+-------------------------------------+
; Parallel Compilation                ;
+----------------------------+--------+
; Processors                 ; Number ;
+----------------------------+--------+
; Number detected on machine ; 2      ;
; Maximum allowed            ; 1      ;
+----------------------------+--------+


+----------------------------------------------------------------------------------------------------------------------------------------------------------------------------------------+
; Analysis & Synthesis Source Files Read                                                                                                                                                 ;
+-----------------------------------------------------+-----------------+-----------------+----------------------------------------------------------------------------------------------+
; File Name with User-Entered Path                    ; Used in Netlist ; File Type       ; File Name with Absolute Path                                                                 ;
+-----------------------------------------------------+-----------------+-----------------+----------------------------------------------------------------------------------------------+
; ../Components/Affichage_8bits/Afficahge_8bits.vhd   ; yes             ; User VHDL File  ; C:/altera/91sp2/quartus/M2SME/Barre_Franche/Components/Affichage_8bits/Afficahge_8bits.vhd   ;
; ../Components/Diviseur_50M_2hz/Diviseur_50M_2hz.vhd ; yes             ; User VHDL File  ; C:/altera/91sp2/quartus/M2SME/Barre_Franche/Components/Diviseur_50M_2hz/Diviseur_50M_2hz.vhd ;
; ../Components/raf_anemo/raf_anemo.vhd               ; yes             ; User VHDL File  ; C:/altera/91sp2/quartus/M2SME/Barre_Franche/Components/raf_anemo/raf_anemo.vhd               ;
; ../Components/Diviseur_50M_1hz/Diviseur_50M_1hz.vhd ; yes             ; User VHDL File  ; C:/altera/91sp2/quartus/M2SME/Barre_Franche/Components/Diviseur_50M_1hz/Diviseur_50M_1hz.vhd ;
; ../Components/Compteur/Compteur.vhd                 ; yes             ; User VHDL File  ; C:/altera/91sp2/quartus/M2SME/Barre_Franche/Components/Compteur/Compteur.vhd                 ;
; F1.vhd                                              ; yes             ; User VHDL File  ; C:/altera/91sp2/quartus/M2SME/Barre_Franche/F1/F1.vhd                                        ;
+-----------------------------------------------------+-----------------+-----------------+----------------------------------------------------------------------------------------------+


+-------------------------------------------------------+
; Analysis & Synthesis Resource Usage Summary           ;
+---------------------------------------------+---------+
; Resource                                    ; Usage   ;
+---------------------------------------------+---------+
; Estimated Total logic elements              ; 150     ;
;                                             ;         ;
; Total combinational functions               ; 136     ;
; Logic element usage by number of LUT inputs ;         ;
;     -- 4 input functions                    ; 29      ;
;     -- 3 input functions                    ; 9       ;
;     -- <=2 input functions                  ; 98      ;
;                                             ;         ;
; Logic elements by mode                      ;         ;
;     -- normal mode                          ; 68      ;
;     -- arithmetic mode                      ; 68      ;
;                                             ;         ;
; Total registers                             ; 90      ;
;     -- Dedicated logic registers            ; 90      ;
;     -- I/O registers                        ; 0       ;
;                                             ;         ;
; I/O pins                                    ; 10      ;
; Maximum fan-out node                        ; clk_50M ;
; Maximum fan-out                             ; 68      ;
; Total fan-out                               ; 543     ;
; Average fan-out                             ; 2.30    ;
+---------------------------------------------+---------+


+-----------------------------------------------------------------------------------------------------------------------------------------------------------------------------------------+
; Analysis & Synthesis Resource Utilization by Entity                                                                                                                                     ;
+-------------------------------+-------------------+--------------+-------------+--------------+---------+-----------+------+--------------+------------------------------+--------------+
; Compilation Hierarchy Node    ; LC Combinationals ; LC Registers ; Memory Bits ; DSP Elements ; DSP 9x9 ; DSP 18x18 ; Pins ; Virtual Pins ; Full Hierarchy Name          ; Library Name ;
+-------------------------------+-------------------+--------------+-------------+--------------+---------+-----------+------+--------------+------------------------------+--------------+
; |F1                           ; 136 (0)           ; 90 (0)       ; 0           ; 0            ; 0       ; 0         ; 10   ; 0            ; |F1                          ; work         ;
;    |Compteur:ucpt|            ; 12 (12)           ; 15 (15)      ; 0           ; 0            ; 0       ; 0         ; 0    ; 0            ; |F1|Compteur:ucpt            ; work         ;
;    |Diviseur_50M_1hz:udiv1hz| ; 62 (62)           ; 34 (34)      ; 0           ; 0            ; 0       ; 0         ; 0    ; 0            ; |F1|Diviseur_50M_1hz:udiv1hz ;              ;
;    |Diviseur_50M_2hz:udiv2hz| ; 62 (62)           ; 34 (34)      ; 0           ; 0            ; 0       ; 0         ; 0    ; 0            ; |F1|Diviseur_50M_2hz:udiv2hz ;              ;
;    |raf_anemo:uraf|           ; 0 (0)             ; 7 (7)        ; 0           ; 0            ; 0       ; 0         ; 0    ; 0            ; |F1|raf_anemo:uraf           ; work         ;
+-------------------------------+-------------------+--------------+-------------+--------------+---------+-----------+------+--------------+------------------------------+--------------+
Note: For table entries with two numbers listed, the numbers in parentheses indicate the number of resources of the given type used by the specific entity alone. The numbers listed outside of parentheses indicate the total resources of the given type used by the specific entity and all of its sub-entities in the hierarchy.


+--------------------------------------------------------------------------------------------+
; Registers Removed During Synthesis                                                         ;
+--------------------------------------------+-----------------------------------------------+
; Register name                              ; Reason for Removal                            ;
+--------------------------------------------+-----------------------------------------------+
; Compteur:ucpt|state[1..31]                 ; Stuck at GND due to stuck port data_in        ;
; Compteur:ucpt|cpt_anemo[0]                 ; Stuck at GND due to stuck port data_in        ;
; Diviseur_50M_2hz:udiv2hz|state[1..3,5..31] ; Merged with Diviseur_50M_2hz:udiv2hz|state[4] ;
; Diviseur_50M_1hz:udiv1hz|state[1..3,5..31] ; Merged with Diviseur_50M_1hz:udiv1hz|state[4] ;
; Diviseur_50M_2hz:udiv2hz|state[4]          ; Stuck at GND due to stuck port data_in        ;
; Diviseur_50M_1hz:udiv1hz|state[4]          ; Stuck at GND due to stuck port data_in        ;
; Total Number of Removed Registers = 94     ;                                               ;
+--------------------------------------------+-----------------------------------------------+


+---------------------------------------------------------------------------------------------+
; Removed Registers Triggering Further Register Optimizations                                 ;
+------------------------+---------------------------+----------------------------------------+
; Register name          ; Reason for Removal        ; Registers Removed due to This Register ;
+------------------------+---------------------------+----------------------------------------+
; Compteur:ucpt|state[1] ; Stuck at GND              ; Compteur:ucpt|cpt_anemo[0]             ;
;                        ; due to stuck port data_in ;                                        ;
+------------------------+---------------------------+----------------------------------------+


+------------------------------------------------------+
; General Register Statistics                          ;
+----------------------------------------------+-------+
; Statistic                                    ; Value ;
+----------------------------------------------+-------+
; Total registers                              ; 90    ;
; Number of registers using Synchronous Clear  ; 7     ;
; Number of registers using Synchronous Load   ; 0     ;
; Number of registers using Asynchronous Clear ; 0     ;
; Number of registers using Asynchronous Load  ; 0     ;
; Number of registers using Clock Enable       ; 14    ;
; Number of registers using Preset             ; 0     ;
+----------------------------------------------+-------+


+-----------------------------------------------------------------------------------------------------------------------------------------------------+
; Multiplexer Restructuring Statistics (Restructuring Performed)                                                                                      ;
+--------------------+-----------+---------------+----------------------+------------------------+------------+---------------------------------------+
; Multiplexer Inputs ; Bus Width ; Baseline Area ; Area if Restructured ; Saving if Restructured ; Registered ; Example Multiplexer Output            ;
+--------------------+-----------+---------------+----------------------+------------------------+------------+---------------------------------------+
; 3:1                ; 2 bits    ; 4 LEs         ; 2 LEs                ; 2 LEs                  ; Yes        ; |F1|Diviseur_50M_1hz:udiv1hz|state[0] ;
; 3:1                ; 2 bits    ; 4 LEs         ; 2 LEs                ; 2 LEs                  ; Yes        ; |F1|Diviseur_50M_2hz:udiv2hz|state[0] ;
; 3:1                ; 7 bits    ; 14 LEs        ; 7 LEs                ; 7 LEs                  ; Yes        ; |F1|Compteur:ucpt|cpt_anemo[2]        ;
+--------------------+-----------+---------------+----------------------+------------------------+------------+---------------------------------------+


+-------------------------------+
; Analysis & Synthesis Messages ;
+-------------------------------+
Info: *******************************************************************
Info: Running Quartus II Analysis & Synthesis
    Info: Version 9.1 Build 350 03/24/2010 Service Pack 2 SJ Web Edition
    Info: Processing started: Fri Sep 25 11:08:03 2020
Info: Command: quartus_map --read_settings_files=on --write_settings_files=off F1 -c F1
Info: Found 2 design units, including 1 entities, in source file /altera/91sp2/quartus/m2sme/barre_franche/components/affichage_8bits/afficahge_8bits.vhd
    Info: Found design unit 1: Affichage_8bits-ar
    Info: Found entity 1: Affichage_8bits
Info: Found 2 design units, including 1 entities, in source file /altera/91sp2/quartus/m2sme/barre_franche/components/diviseur_50m_2hz/diviseur_50m_2hz.vhd
    Info: Found design unit 1: Diviseur_50M_2hz-div
    Info: Found entity 1: Diviseur_50M_2hz
Info: Found 2 design units, including 1 entities, in source file /altera/91sp2/quartus/m2sme/barre_franche/components/raf_anemo/raf_anemo.vhd
    Info: Found design unit 1: raf_anemo-arch
    Info: Found entity 1: raf_anemo
Info: Found 2 design units, including 1 entities, in source file /altera/91sp2/quartus/m2sme/barre_franche/components/diviseur_50m_1hz/diviseur_50m_1hz.vhd
    Info: Found design unit 1: Diviseur_50M_1hz-div
    Info: Found entity 1: Diviseur_50M_1hz
Info: Found 2 design units, including 1 entities, in source file /altera/91sp2/quartus/m2sme/barre_franche/components/compteur/compteur.vhd
    Info: Found design unit 1: Compteur-arch
    Info: Found entity 1: Compteur
Info: Found 2 design units, including 1 entities, in source file f1.vhd
    Info: Found design unit 1: F1-ar
    Info: Found entity 1: F1
Info: Elaborating entity "F1" for the top level hierarchy
Warning (10541): VHDL Signal Declaration warning at F1.vhd(10): used implicit default value for signal "led0" because signal was never assigned a value or an explicit default value. Use of implicit default value may introduce unintended design optimizations.
Info: Elaborating entity "Diviseur_50M_1hz" for hierarchy "Diviseur_50M_1hz:udiv1hz"
Info: Elaborating entity "Diviseur_50M_2hz" for hierarchy "Diviseur_50M_2hz:udiv2hz"
Info: Elaborating entity "Compteur" for hierarchy "Compteur:ucpt"
Info: Elaborating entity "raf_anemo" for hierarchy "raf_anemo:uraf"
Info: Elaborating entity "Affichage_8bits" for hierarchy "Affichage_8bits:uaffichage"
Warning: Output pins are stuck at VCC or GND
    Warning (13410): Pin "led0" is stuck at GND
Info: Implemented 160 device resources after synthesis - the final resource count might be different
    Info: Implemented 2 input pins
    Info: Implemented 8 output pins
    Info: Implemented 150 logic cells
Info: Quartus II Analysis & Synthesis was successful. 0 errors, 3 warnings
    Info: Peak virtual memory: 234 megabytes
    Info: Processing ended: Fri Sep 25 11:08:06 2020
    Info: Elapsed time: 00:00:03
    Info: Total CPU time (on all processors): 00:00:03


