Classic Timing Analyzer report for F1
Fri Sep 25 08:13:29 2020
Quartus II Version 9.1 Build 350 03/24/2010 Service Pack 2 SJ Web Edition


---------------------
; Table of Contents ;
---------------------
  1. Legal Notice
  2. Timing Analyzer Summary
  3. Timing Analyzer Settings
  4. Clock Settings Summary
  5. Parallel Compilation
  6. Clock Setup: 'in_fred_anemometre'
  7. Clock Setup: 'clk_2hz'
  8. tco
  9. Timing Analyzer Messages



----------------
; Legal Notice ;
----------------
Copyright (C) 1991-2010 Altera Corporation
Your use of Altera Corporation's design tools, logic functions 
and other software and tools, and its AMPP partner logic 
functions, and any output files from any of the foregoing 
(including device programming or simulation files), and any 
associated documentation or information are expressly subject 
to the terms and conditions of the Altera Program License 
Subscription Agreement, Altera MegaCore Function License 
Agreement, or other applicable license agreement, including, 
without limitation, that your use is for the sole purpose of 
programming logic devices manufactured by Altera and sold by 
Altera or its authorized distributors.  Please refer to the 
applicable agreement for further details.



+---------------------------------------------------------------------------------------------------------------------------------------------------------------------------------------------------------------+
; Timing Analyzer Summary                                                                                                                                                                                       ;
+-----------------------------------+-------+---------------+------------------------------------------------+--------------------+--------------------+--------------------+--------------------+--------------+
; Type                              ; Slack ; Required Time ; Actual Time                                    ; From               ; To                 ; From Clock         ; To Clock           ; Failed Paths ;
+-----------------------------------+-------+---------------+------------------------------------------------+--------------------+--------------------+--------------------+--------------------+--------------+
; Worst-case tco                    ; N/A   ; None          ; 7.295 ns                                       ; vect_anemo[5]~reg0 ; vect_anemo[5]      ; in_fred_anemometre ; --                 ; 0            ;
; Clock Setup: 'in_fred_anemometre' ; N/A   ; None          ; 364.70 MHz ( period = 2.742 ns )               ; cpt_anemo[1]       ; vect_anemo[4]~reg0 ; in_fred_anemometre ; in_fred_anemometre ; 0            ;
; Clock Setup: 'clk_2hz'            ; N/A   ; None          ; Restricted to 420.17 MHz ( period = 2.380 ns ) ; state[0]           ; state[0]           ; clk_2hz            ; clk_2hz            ; 0            ;
; Total number of failed paths      ;       ;               ;                                                ;                    ;                    ;                    ;                    ; 0            ;
+-----------------------------------+-------+---------------+------------------------------------------------+--------------------+--------------------+--------------------+--------------------+--------------+


+-----------------------------------------------------------------------------------------------------------------------------------------------------+
; Timing Analyzer Settings                                                                                                                            ;
+------------------------------------------------------------------------------------------------------+--------------------+------+----+-------------+
; Option                                                                                               ; Setting            ; From ; To ; Entity Name ;
+------------------------------------------------------------------------------------------------------+--------------------+------+----+-------------+
; Device Name                                                                                          ; EP2C35F672C6       ;      ;    ;             ;
; Timing Models                                                                                        ; Final              ;      ;    ;             ;
; Default hold multicycle                                                                              ; Same as Multicycle ;      ;    ;             ;
; Cut paths between unrelated clock domains                                                            ; On                 ;      ;    ;             ;
; Cut off read during write signal paths                                                               ; On                 ;      ;    ;             ;
; Cut off feedback from I/O pins                                                                       ; On                 ;      ;    ;             ;
; Report Combined Fast/Slow Timing                                                                     ; Off                ;      ;    ;             ;
; Ignore Clock Settings                                                                                ; Off                ;      ;    ;             ;
; Analyze latches as synchronous elements                                                              ; On                 ;      ;    ;             ;
; Enable Recovery/Removal analysis                                                                     ; Off                ;      ;    ;             ;
; Enable Clock Latency                                                                                 ; Off                ;      ;    ;             ;
; Use TimeQuest Timing Analyzer                                                                        ; Off                ;      ;    ;             ;
; Minimum Core Junction Temperature                                                                    ; 0                  ;      ;    ;             ;
; Maximum Core Junction Temperature                                                                    ; 85                 ;      ;    ;             ;
; Number of source nodes to report per destination node                                                ; 10                 ;      ;    ;             ;
; Number of destination nodes to report                                                                ; 10                 ;      ;    ;             ;
; Number of paths to report                                                                            ; 200                ;      ;    ;             ;
; Report Minimum Timing Checks                                                                         ; Off                ;      ;    ;             ;
; Use Fast Timing Models                                                                               ; Off                ;      ;    ;             ;
; Report IO Paths Separately                                                                           ; Off                ;      ;    ;             ;
; Perform Multicorner Analysis                                                                         ; On                 ;      ;    ;             ;
; Reports the worst-case path for each clock domain and analysis                                       ; Off                ;      ;    ;             ;
; Reports worst-case timing paths for each clock domain and analysis                                   ; On                 ;      ;    ;             ;
; Specifies the maximum number of worst-case timing paths to report for each clock domain and analysis ; 100                ;      ;    ;             ;
; Removes common clock path pessimism (CCPP) during slack computation                                  ; Off                ;      ;    ;             ;
; Output I/O Timing Endpoint                                                                           ; Near End           ;      ;    ;             ;
+------------------------------------------------------------------------------------------------------+--------------------+------+----+-------------+


+---------------------------------------------------------------------------------------------------------------------------------------------------------------------------------------+
; Clock Settings Summary                                                                                                                                                                ;
+--------------------+--------------------+----------+------------------+---------------+--------------+----------+-----------------------+---------------------+--------+--------------+
; Clock Node Name    ; Clock Setting Name ; Type     ; Fmax Requirement ; Early Latency ; Late Latency ; Based on ; Multiply Base Fmax by ; Divide Base Fmax by ; Offset ; Phase offset ;
+--------------------+--------------------+----------+------------------+---------------+--------------+----------+-----------------------+---------------------+--------+--------------+
; in_fred_anemometre ;                    ; User Pin ; None             ; 0.000 ns      ; 0.000 ns     ; --       ; N/A                   ; N/A                 ; N/A    ;              ;
; clk_2hz            ;                    ; User Pin ; None             ; 0.000 ns      ; 0.000 ns     ; --       ; N/A                   ; N/A                 ; N/A    ;              ;
+--------------------+--------------------+----------+------------------+---------------+--------------+----------+-----------------------+---------------------+--------+--------------+


Parallel compilation was disabled, but you have multiple processors available. Enable parallel compilation to reduce compilation time.
+-------------------------------------+
; Parallel Compilation                ;
+----------------------------+--------+
; Processors                 ; Number ;
+----------------------------+--------+
; Number detected on machine ; 2      ;
; Maximum allowed            ; 1      ;
+----------------------------+--------+


+--------------------------------------------------------------------------------------------------------------------------------------------------------------------------------------------------------------------------+
; Clock Setup: 'in_fred_anemometre'                                                                                                                                                                                        ;
+-------+------------------------------------------------+--------------+--------------------+--------------------+--------------------+-----------------------------+---------------------------+-------------------------+
; Slack ; Actual fmax (period)                           ; From         ; To                 ; From Clock         ; To Clock           ; Required Setup Relationship ; Required Longest P2P Time ; Actual Longest P2P Time ;
+-------+------------------------------------------------+--------------+--------------------+--------------------+--------------------+-----------------------------+---------------------------+-------------------------+
; N/A   ; 364.70 MHz ( period = 2.742 ns )               ; cpt_anemo[1] ; vect_anemo[1]~reg0 ; in_fred_anemometre ; in_fred_anemometre ; None                        ; None                      ; 2.528 ns                ;
; N/A   ; 364.70 MHz ( period = 2.742 ns )               ; cpt_anemo[1] ; vect_anemo[4]~reg0 ; in_fred_anemometre ; in_fred_anemometre ; None                        ; None                      ; 2.528 ns                ;
; N/A   ; 388.20 MHz ( period = 2.576 ns )               ; cpt_anemo[1] ; cpt_anemo[1]       ; in_fred_anemometre ; in_fred_anemometre ; None                        ; None                      ; 2.362 ns                ;
; N/A   ; 388.20 MHz ( period = 2.576 ns )               ; cpt_anemo[1] ; cpt_anemo[2]       ; in_fred_anemometre ; in_fred_anemometre ; None                        ; None                      ; 2.362 ns                ;
; N/A   ; 388.20 MHz ( period = 2.576 ns )               ; cpt_anemo[1] ; cpt_anemo[3]       ; in_fred_anemometre ; in_fred_anemometre ; None                        ; None                      ; 2.362 ns                ;
; N/A   ; 388.20 MHz ( period = 2.576 ns )               ; cpt_anemo[1] ; cpt_anemo[4]       ; in_fred_anemometre ; in_fred_anemometre ; None                        ; None                      ; 2.362 ns                ;
; N/A   ; 388.20 MHz ( period = 2.576 ns )               ; cpt_anemo[1] ; cpt_anemo[7]       ; in_fred_anemometre ; in_fred_anemometre ; None                        ; None                      ; 2.362 ns                ;
; N/A   ; 388.20 MHz ( period = 2.576 ns )               ; cpt_anemo[1] ; cpt_anemo[5]       ; in_fred_anemometre ; in_fred_anemometre ; None                        ; None                      ; 2.362 ns                ;
; N/A   ; 388.20 MHz ( period = 2.576 ns )               ; cpt_anemo[1] ; cpt_anemo[6]       ; in_fred_anemometre ; in_fred_anemometre ; None                        ; None                      ; 2.362 ns                ;
; N/A   ; 389.56 MHz ( period = 2.567 ns )               ; cpt_anemo[1] ; vect_anemo[2]~reg0 ; in_fred_anemometre ; in_fred_anemometre ; None                        ; None                      ; 2.353 ns                ;
; N/A   ; 389.56 MHz ( period = 2.567 ns )               ; cpt_anemo[1] ; vect_anemo[3]~reg0 ; in_fred_anemometre ; in_fred_anemometre ; None                        ; None                      ; 2.353 ns                ;
; N/A   ; 389.56 MHz ( period = 2.567 ns )               ; cpt_anemo[1] ; vect_anemo[5]~reg0 ; in_fred_anemometre ; in_fred_anemometre ; None                        ; None                      ; 2.353 ns                ;
; N/A   ; 389.56 MHz ( period = 2.567 ns )               ; cpt_anemo[1] ; vect_anemo[6]~reg0 ; in_fred_anemometre ; in_fred_anemometre ; None                        ; None                      ; 2.353 ns                ;
; N/A   ; 389.56 MHz ( period = 2.567 ns )               ; cpt_anemo[1] ; vect_anemo[7]~reg0 ; in_fred_anemometre ; in_fred_anemometre ; None                        ; None                      ; 2.353 ns                ;
; N/A   ; 396.35 MHz ( period = 2.523 ns )               ; cpt_anemo[2] ; vect_anemo[1]~reg0 ; in_fred_anemometre ; in_fred_anemometre ; None                        ; None                      ; 2.309 ns                ;
; N/A   ; 396.35 MHz ( period = 2.523 ns )               ; cpt_anemo[2] ; vect_anemo[4]~reg0 ; in_fred_anemometre ; in_fred_anemometre ; None                        ; None                      ; 2.309 ns                ;
; N/A   ; 410.17 MHz ( period = 2.438 ns )               ; cpt_anemo[3] ; vect_anemo[1]~reg0 ; in_fred_anemometre ; in_fred_anemometre ; None                        ; None                      ; 2.224 ns                ;
; N/A   ; 410.17 MHz ( period = 2.438 ns )               ; cpt_anemo[3] ; vect_anemo[4]~reg0 ; in_fred_anemometre ; in_fred_anemometre ; None                        ; None                      ; 2.224 ns                ;
; N/A   ; 411.86 MHz ( period = 2.428 ns )               ; cpt_anemo[7] ; vect_anemo[1]~reg0 ; in_fred_anemometre ; in_fred_anemometre ; None                        ; None                      ; 2.214 ns                ;
; N/A   ; 411.86 MHz ( period = 2.428 ns )               ; cpt_anemo[7] ; vect_anemo[4]~reg0 ; in_fred_anemometre ; in_fred_anemometre ; None                        ; None                      ; 2.214 ns                ;
; N/A   ; Restricted to 420.17 MHz ( period = 2.380 ns ) ; cpt_anemo[2] ; cpt_anemo[1]       ; in_fred_anemometre ; in_fred_anemometre ; None                        ; None                      ; 2.143 ns                ;
; N/A   ; Restricted to 420.17 MHz ( period = 2.380 ns ) ; cpt_anemo[2] ; cpt_anemo[2]       ; in_fred_anemometre ; in_fred_anemometre ; None                        ; None                      ; 2.143 ns                ;
; N/A   ; Restricted to 420.17 MHz ( period = 2.380 ns ) ; cpt_anemo[2] ; cpt_anemo[3]       ; in_fred_anemometre ; in_fred_anemometre ; None                        ; None                      ; 2.143 ns                ;
; N/A   ; Restricted to 420.17 MHz ( period = 2.380 ns ) ; cpt_anemo[2] ; cpt_anemo[4]       ; in_fred_anemometre ; in_fred_anemometre ; None                        ; None                      ; 2.143 ns                ;
; N/A   ; Restricted to 420.17 MHz ( period = 2.380 ns ) ; cpt_anemo[2] ; cpt_anemo[7]       ; in_fred_anemometre ; in_fred_anemometre ; None                        ; None                      ; 2.143 ns                ;
; N/A   ; Restricted to 420.17 MHz ( period = 2.380 ns ) ; cpt_anemo[2] ; cpt_anemo[5]       ; in_fred_anemometre ; in_fred_anemometre ; None                        ; None                      ; 2.143 ns                ;
; N/A   ; Restricted to 420.17 MHz ( period = 2.380 ns ) ; cpt_anemo[2] ; cpt_anemo[6]       ; in_fred_anemometre ; in_fred_anemometre ; None                        ; None                      ; 2.143 ns                ;
; N/A   ; Restricted to 420.17 MHz ( period = 2.380 ns ) ; cpt_anemo[2] ; vect_anemo[2]~reg0 ; in_fred_anemometre ; in_fred_anemometre ; None                        ; None                      ; 2.134 ns                ;
; N/A   ; Restricted to 420.17 MHz ( period = 2.380 ns ) ; cpt_anemo[2] ; vect_anemo[3]~reg0 ; in_fred_anemometre ; in_fred_anemometre ; None                        ; None                      ; 2.134 ns                ;
; N/A   ; Restricted to 420.17 MHz ( period = 2.380 ns ) ; cpt_anemo[2] ; vect_anemo[5]~reg0 ; in_fred_anemometre ; in_fred_anemometre ; None                        ; None                      ; 2.134 ns                ;
; N/A   ; Restricted to 420.17 MHz ( period = 2.380 ns ) ; cpt_anemo[2] ; vect_anemo[6]~reg0 ; in_fred_anemometre ; in_fred_anemometre ; None                        ; None                      ; 2.134 ns                ;
; N/A   ; Restricted to 420.17 MHz ( period = 2.380 ns ) ; cpt_anemo[2] ; vect_anemo[7]~reg0 ; in_fred_anemometre ; in_fred_anemometre ; None                        ; None                      ; 2.134 ns                ;
; N/A   ; Restricted to 420.17 MHz ( period = 2.380 ns ) ; cpt_anemo[5] ; vect_anemo[1]~reg0 ; in_fred_anemometre ; in_fred_anemometre ; None                        ; None                      ; 2.096 ns                ;
; N/A   ; Restricted to 420.17 MHz ( period = 2.380 ns ) ; cpt_anemo[5] ; vect_anemo[4]~reg0 ; in_fred_anemometre ; in_fred_anemometre ; None                        ; None                      ; 2.096 ns                ;
; N/A   ; Restricted to 420.17 MHz ( period = 2.380 ns ) ; cpt_anemo[4] ; vect_anemo[1]~reg0 ; in_fred_anemometre ; in_fred_anemometre ; None                        ; None                      ; 2.082 ns                ;
; N/A   ; Restricted to 420.17 MHz ( period = 2.380 ns ) ; cpt_anemo[4] ; vect_anemo[4]~reg0 ; in_fred_anemometre ; in_fred_anemometre ; None                        ; None                      ; 2.082 ns                ;
; N/A   ; Restricted to 420.17 MHz ( period = 2.380 ns ) ; cpt_anemo[3] ; cpt_anemo[1]       ; in_fred_anemometre ; in_fred_anemometre ; None                        ; None                      ; 2.058 ns                ;
; N/A   ; Restricted to 420.17 MHz ( period = 2.380 ns ) ; cpt_anemo[3] ; cpt_anemo[2]       ; in_fred_anemometre ; in_fred_anemometre ; None                        ; None                      ; 2.058 ns                ;
; N/A   ; Restricted to 420.17 MHz ( period = 2.380 ns ) ; cpt_anemo[3] ; cpt_anemo[3]       ; in_fred_anemometre ; in_fred_anemometre ; None                        ; None                      ; 2.058 ns                ;
; N/A   ; Restricted to 420.17 MHz ( period = 2.380 ns ) ; cpt_anemo[3] ; cpt_anemo[4]       ; in_fred_anemometre ; in_fred_anemometre ; None                        ; None                      ; 2.058 ns                ;
; N/A   ; Restricted to 420.17 MHz ( period = 2.380 ns ) ; cpt_anemo[3] ; cpt_anemo[7]       ; in_fred_anemometre ; in_fred_anemometre ; None                        ; None                      ; 2.058 ns                ;
; N/A   ; Restricted to 420.17 MHz ( period = 2.380 ns ) ; cpt_anemo[3] ; cpt_anemo[5]       ; in_fred_anemometre ; in_fred_anemometre ; None                        ; None                      ; 2.058 ns                ;
; N/A   ; Restricted to 420.17 MHz ( period = 2.380 ns ) ; cpt_anemo[3] ; cpt_anemo[6]       ; in_fred_anemometre ; in_fred_anemometre ; None                        ; None                      ; 2.058 ns                ;
; N/A   ; Restricted to 420.17 MHz ( period = 2.380 ns ) ; cpt_anemo[7] ; cpt_anemo[1]       ; in_fred_anemometre ; in_fred_anemometre ; None                        ; None                      ; 2.049 ns                ;
; N/A   ; Restricted to 420.17 MHz ( period = 2.380 ns ) ; cpt_anemo[7] ; cpt_anemo[2]       ; in_fred_anemometre ; in_fred_anemometre ; None                        ; None                      ; 2.049 ns                ;
; N/A   ; Restricted to 420.17 MHz ( period = 2.380 ns ) ; cpt_anemo[7] ; cpt_anemo[3]       ; in_fred_anemometre ; in_fred_anemometre ; None                        ; None                      ; 2.049 ns                ;
; N/A   ; Restricted to 420.17 MHz ( period = 2.380 ns ) ; cpt_anemo[7] ; cpt_anemo[4]       ; in_fred_anemometre ; in_fred_anemometre ; None                        ; None                      ; 2.049 ns                ;
; N/A   ; Restricted to 420.17 MHz ( period = 2.380 ns ) ; cpt_anemo[7] ; cpt_anemo[7]       ; in_fred_anemometre ; in_fred_anemometre ; None                        ; None                      ; 2.049 ns                ;
; N/A   ; Restricted to 420.17 MHz ( period = 2.380 ns ) ; cpt_anemo[7] ; cpt_anemo[5]       ; in_fred_anemometre ; in_fred_anemometre ; None                        ; None                      ; 2.049 ns                ;
; N/A   ; Restricted to 420.17 MHz ( period = 2.380 ns ) ; cpt_anemo[7] ; cpt_anemo[6]       ; in_fred_anemometre ; in_fred_anemometre ; None                        ; None                      ; 2.049 ns                ;
; N/A   ; Restricted to 420.17 MHz ( period = 2.380 ns ) ; cpt_anemo[3] ; vect_anemo[2]~reg0 ; in_fred_anemometre ; in_fred_anemometre ; None                        ; None                      ; 2.049 ns                ;
; N/A   ; Restricted to 420.17 MHz ( period = 2.380 ns ) ; cpt_anemo[3] ; vect_anemo[3]~reg0 ; in_fred_anemometre ; in_fred_anemometre ; None                        ; None                      ; 2.049 ns                ;
; N/A   ; Restricted to 420.17 MHz ( period = 2.380 ns ) ; cpt_anemo[3] ; vect_anemo[5]~reg0 ; in_fred_anemometre ; in_fred_anemometre ; None                        ; None                      ; 2.049 ns                ;
; N/A   ; Restricted to 420.17 MHz ( period = 2.380 ns ) ; cpt_anemo[3] ; vect_anemo[6]~reg0 ; in_fred_anemometre ; in_fred_anemometre ; None                        ; None                      ; 2.049 ns                ;
; N/A   ; Restricted to 420.17 MHz ( period = 2.380 ns ) ; cpt_anemo[3] ; vect_anemo[7]~reg0 ; in_fred_anemometre ; in_fred_anemometre ; None                        ; None                      ; 2.049 ns                ;
; N/A   ; Restricted to 420.17 MHz ( period = 2.380 ns ) ; cpt_anemo[7] ; vect_anemo[2]~reg0 ; in_fred_anemometre ; in_fred_anemometre ; None                        ; None                      ; 2.039 ns                ;
; N/A   ; Restricted to 420.17 MHz ( period = 2.380 ns ) ; cpt_anemo[7] ; vect_anemo[3]~reg0 ; in_fred_anemometre ; in_fred_anemometre ; None                        ; None                      ; 2.039 ns                ;
; N/A   ; Restricted to 420.17 MHz ( period = 2.380 ns ) ; cpt_anemo[7] ; vect_anemo[5]~reg0 ; in_fred_anemometre ; in_fred_anemometre ; None                        ; None                      ; 2.039 ns                ;
; N/A   ; Restricted to 420.17 MHz ( period = 2.380 ns ) ; cpt_anemo[7] ; vect_anemo[6]~reg0 ; in_fred_anemometre ; in_fred_anemometre ; None                        ; None                      ; 2.039 ns                ;
; N/A   ; Restricted to 420.17 MHz ( period = 2.380 ns ) ; cpt_anemo[7] ; vect_anemo[7]~reg0 ; in_fred_anemometre ; in_fred_anemometre ; None                        ; None                      ; 2.039 ns                ;
; N/A   ; Restricted to 420.17 MHz ( period = 2.380 ns ) ; cpt_anemo[6] ; vect_anemo[1]~reg0 ; in_fred_anemometre ; in_fred_anemometre ; None                        ; None                      ; 1.946 ns                ;
; N/A   ; Restricted to 420.17 MHz ( period = 2.380 ns ) ; cpt_anemo[6] ; vect_anemo[4]~reg0 ; in_fred_anemometre ; in_fred_anemometre ; None                        ; None                      ; 1.946 ns                ;
; N/A   ; Restricted to 420.17 MHz ( period = 2.380 ns ) ; cpt_anemo[5] ; cpt_anemo[1]       ; in_fred_anemometre ; in_fred_anemometre ; None                        ; None                      ; 1.931 ns                ;
; N/A   ; Restricted to 420.17 MHz ( period = 2.380 ns ) ; cpt_anemo[5] ; cpt_anemo[2]       ; in_fred_anemometre ; in_fred_anemometre ; None                        ; None                      ; 1.931 ns                ;
; N/A   ; Restricted to 420.17 MHz ( period = 2.380 ns ) ; cpt_anemo[5] ; cpt_anemo[3]       ; in_fred_anemometre ; in_fred_anemometre ; None                        ; None                      ; 1.931 ns                ;
; N/A   ; Restricted to 420.17 MHz ( period = 2.380 ns ) ; cpt_anemo[5] ; cpt_anemo[4]       ; in_fred_anemometre ; in_fred_anemometre ; None                        ; None                      ; 1.931 ns                ;
; N/A   ; Restricted to 420.17 MHz ( period = 2.380 ns ) ; cpt_anemo[5] ; cpt_anemo[7]       ; in_fred_anemometre ; in_fred_anemometre ; None                        ; None                      ; 1.931 ns                ;
; N/A   ; Restricted to 420.17 MHz ( period = 2.380 ns ) ; cpt_anemo[5] ; cpt_anemo[5]       ; in_fred_anemometre ; in_fred_anemometre ; None                        ; None                      ; 1.931 ns                ;
; N/A   ; Restricted to 420.17 MHz ( period = 2.380 ns ) ; cpt_anemo[5] ; cpt_anemo[6]       ; in_fred_anemometre ; in_fred_anemometre ; None                        ; None                      ; 1.931 ns                ;
; N/A   ; Restricted to 420.17 MHz ( period = 2.380 ns ) ; cpt_anemo[5] ; vect_anemo[2]~reg0 ; in_fred_anemometre ; in_fred_anemometre ; None                        ; None                      ; 1.921 ns                ;
; N/A   ; Restricted to 420.17 MHz ( period = 2.380 ns ) ; cpt_anemo[5] ; vect_anemo[3]~reg0 ; in_fred_anemometre ; in_fred_anemometre ; None                        ; None                      ; 1.921 ns                ;
; N/A   ; Restricted to 420.17 MHz ( period = 2.380 ns ) ; cpt_anemo[5] ; vect_anemo[5]~reg0 ; in_fred_anemometre ; in_fred_anemometre ; None                        ; None                      ; 1.921 ns                ;
; N/A   ; Restricted to 420.17 MHz ( period = 2.380 ns ) ; cpt_anemo[5] ; vect_anemo[6]~reg0 ; in_fred_anemometre ; in_fred_anemometre ; None                        ; None                      ; 1.921 ns                ;
; N/A   ; Restricted to 420.17 MHz ( period = 2.380 ns ) ; cpt_anemo[5] ; vect_anemo[7]~reg0 ; in_fred_anemometre ; in_fred_anemometre ; None                        ; None                      ; 1.921 ns                ;
; N/A   ; Restricted to 420.17 MHz ( period = 2.380 ns ) ; cpt_anemo[4] ; cpt_anemo[1]       ; in_fred_anemometre ; in_fred_anemometre ; None                        ; None                      ; 1.916 ns                ;
; N/A   ; Restricted to 420.17 MHz ( period = 2.380 ns ) ; cpt_anemo[4] ; cpt_anemo[2]       ; in_fred_anemometre ; in_fred_anemometre ; None                        ; None                      ; 1.916 ns                ;
; N/A   ; Restricted to 420.17 MHz ( period = 2.380 ns ) ; cpt_anemo[4] ; cpt_anemo[3]       ; in_fred_anemometre ; in_fred_anemometre ; None                        ; None                      ; 1.916 ns                ;
; N/A   ; Restricted to 420.17 MHz ( period = 2.380 ns ) ; cpt_anemo[4] ; cpt_anemo[4]       ; in_fred_anemometre ; in_fred_anemometre ; None                        ; None                      ; 1.916 ns                ;
; N/A   ; Restricted to 420.17 MHz ( period = 2.380 ns ) ; cpt_anemo[4] ; cpt_anemo[7]       ; in_fred_anemometre ; in_fred_anemometre ; None                        ; None                      ; 1.916 ns                ;
; N/A   ; Restricted to 420.17 MHz ( period = 2.380 ns ) ; cpt_anemo[4] ; cpt_anemo[5]       ; in_fred_anemometre ; in_fred_anemometre ; None                        ; None                      ; 1.916 ns                ;
; N/A   ; Restricted to 420.17 MHz ( period = 2.380 ns ) ; cpt_anemo[4] ; cpt_anemo[6]       ; in_fred_anemometre ; in_fred_anemometre ; None                        ; None                      ; 1.916 ns                ;
; N/A   ; Restricted to 420.17 MHz ( period = 2.380 ns ) ; cpt_anemo[4] ; vect_anemo[2]~reg0 ; in_fred_anemometre ; in_fred_anemometre ; None                        ; None                      ; 1.907 ns                ;
; N/A   ; Restricted to 420.17 MHz ( period = 2.380 ns ) ; cpt_anemo[4] ; vect_anemo[3]~reg0 ; in_fred_anemometre ; in_fred_anemometre ; None                        ; None                      ; 1.907 ns                ;
; N/A   ; Restricted to 420.17 MHz ( period = 2.380 ns ) ; cpt_anemo[4] ; vect_anemo[5]~reg0 ; in_fred_anemometre ; in_fred_anemometre ; None                        ; None                      ; 1.907 ns                ;
; N/A   ; Restricted to 420.17 MHz ( period = 2.380 ns ) ; cpt_anemo[4] ; vect_anemo[6]~reg0 ; in_fred_anemometre ; in_fred_anemometre ; None                        ; None                      ; 1.907 ns                ;
; N/A   ; Restricted to 420.17 MHz ( period = 2.380 ns ) ; cpt_anemo[4] ; vect_anemo[7]~reg0 ; in_fred_anemometre ; in_fred_anemometre ; None                        ; None                      ; 1.907 ns                ;
; N/A   ; Restricted to 420.17 MHz ( period = 2.380 ns ) ; cpt_anemo[6] ; cpt_anemo[1]       ; in_fred_anemometre ; in_fred_anemometre ; None                        ; None                      ; 1.781 ns                ;
; N/A   ; Restricted to 420.17 MHz ( period = 2.380 ns ) ; cpt_anemo[6] ; cpt_anemo[2]       ; in_fred_anemometre ; in_fred_anemometre ; None                        ; None                      ; 1.781 ns                ;
; N/A   ; Restricted to 420.17 MHz ( period = 2.380 ns ) ; cpt_anemo[6] ; cpt_anemo[3]       ; in_fred_anemometre ; in_fred_anemometre ; None                        ; None                      ; 1.781 ns                ;
; N/A   ; Restricted to 420.17 MHz ( period = 2.380 ns ) ; cpt_anemo[6] ; cpt_anemo[4]       ; in_fred_anemometre ; in_fred_anemometre ; None                        ; None                      ; 1.781 ns                ;
; N/A   ; Restricted to 420.17 MHz ( period = 2.380 ns ) ; cpt_anemo[6] ; cpt_anemo[7]       ; in_fred_anemometre ; in_fred_anemometre ; None                        ; None                      ; 1.781 ns                ;
; N/A   ; Restricted to 420.17 MHz ( period = 2.380 ns ) ; cpt_anemo[6] ; cpt_anemo[5]       ; in_fred_anemometre ; in_fred_anemometre ; None                        ; None                      ; 1.781 ns                ;
; N/A   ; Restricted to 420.17 MHz ( period = 2.380 ns ) ; cpt_anemo[6] ; cpt_anemo[6]       ; in_fred_anemometre ; in_fred_anemometre ; None                        ; None                      ; 1.781 ns                ;
; N/A   ; Restricted to 420.17 MHz ( period = 2.380 ns ) ; cpt_anemo[6] ; vect_anemo[2]~reg0 ; in_fred_anemometre ; in_fred_anemometre ; None                        ; None                      ; 1.771 ns                ;
; N/A   ; Restricted to 420.17 MHz ( period = 2.380 ns ) ; cpt_anemo[6] ; vect_anemo[3]~reg0 ; in_fred_anemometre ; in_fred_anemometre ; None                        ; None                      ; 1.771 ns                ;
; N/A   ; Restricted to 420.17 MHz ( period = 2.380 ns ) ; cpt_anemo[6] ; vect_anemo[5]~reg0 ; in_fred_anemometre ; in_fred_anemometre ; None                        ; None                      ; 1.771 ns                ;
; N/A   ; Restricted to 420.17 MHz ( period = 2.380 ns ) ; cpt_anemo[6] ; vect_anemo[6]~reg0 ; in_fred_anemometre ; in_fred_anemometre ; None                        ; None                      ; 1.771 ns                ;
; N/A   ; Restricted to 420.17 MHz ( period = 2.380 ns ) ; cpt_anemo[6] ; vect_anemo[7]~reg0 ; in_fred_anemometre ; in_fred_anemometre ; None                        ; None                      ; 1.771 ns                ;
+-------+------------------------------------------------+--------------+--------------------+--------------------+--------------------+-----------------------------+---------------------------+-------------------------+


+------------------------------------------------------------------------------------------------------------------------------------------------------------------------------------------+
; Clock Setup: 'clk_2hz'                                                                                                                                                                   ;
+-------+------------------------------------------------+----------+----------+------------+----------+-----------------------------+---------------------------+-------------------------+
; Slack ; Actual fmax (period)                           ; From     ; To       ; From Clock ; To Clock ; Required Setup Relationship ; Required Longest P2P Time ; Actual Longest P2P Time ;
+-------+------------------------------------------------+----------+----------+------------+----------+-----------------------------+---------------------------+-------------------------+
; N/A   ; Restricted to 420.17 MHz ( period = 2.380 ns ) ; state[0] ; state[0] ; clk_2hz    ; clk_2hz  ; None                        ; None                      ; 0.407 ns                ;
+-------+------------------------------------------------+----------+----------+------------+----------+-----------------------------+---------------------------+-------------------------+


+---------------------------------------------------------------------------------------------+
; tco                                                                                         ;
+-------+--------------+------------+--------------------+---------------+--------------------+
; Slack ; Required tco ; Actual tco ; From               ; To            ; From Clock         ;
+-------+--------------+------------+--------------------+---------------+--------------------+
; N/A   ; None         ; 7.295 ns   ; vect_anemo[5]~reg0 ; vect_anemo[5] ; in_fred_anemometre ;
; N/A   ; None         ; 6.558 ns   ; vect_anemo[7]~reg0 ; vect_anemo[7] ; in_fred_anemometre ;
; N/A   ; None         ; 6.384 ns   ; vect_anemo[3]~reg0 ; vect_anemo[3] ; in_fred_anemometre ;
; N/A   ; None         ; 6.374 ns   ; vect_anemo[6]~reg0 ; vect_anemo[6] ; in_fred_anemometre ;
; N/A   ; None         ; 6.372 ns   ; vect_anemo[4]~reg0 ; vect_anemo[4] ; in_fred_anemometre ;
; N/A   ; None         ; 6.371 ns   ; vect_anemo[2]~reg0 ; vect_anemo[2] ; in_fred_anemometre ;
; N/A   ; None         ; 6.361 ns   ; vect_anemo[1]~reg0 ; vect_anemo[1] ; in_fred_anemometre ;
+-------+--------------+------------+--------------------+---------------+--------------------+


+--------------------------+
; Timing Analyzer Messages ;
+--------------------------+
Info: *******************************************************************
Info: Running Quartus II Classic Timing Analyzer
    Info: Version 9.1 Build 350 03/24/2010 Service Pack 2 SJ Web Edition
    Info: Processing started: Fri Sep 25 08:13:29 2020
Info: Command: quartus_tan --read_settings_files=off --write_settings_files=off F1 -c F1 --timing_analysis_only
Warning: Found pins functioning as undefined clocks and/or memory enables
    Info: Assuming node "in_fred_anemometre" is an undefined clock
    Info: Assuming node "clk_2hz" is an undefined clock
Info: Clock "in_fred_anemometre" has Internal fmax of 364.7 MHz between source register "cpt_anemo[1]" and destination register "vect_anemo[1]~reg0" (period= 2.742 ns)
    Info: + Longest register to register delay is 2.528 ns
        Info: 1: + IC(0.000 ns) + CELL(0.000 ns) = 0.000 ns; Loc. = LCFF_X47_Y34_N1; Fanout = 4; REG Node = 'cpt_anemo[1]'
        Info: 2: + IC(0.522 ns) + CELL(0.398 ns) = 0.920 ns; Loc. = LCCOMB_X47_Y34_N16; Fanout = 2; COMB Node = 'cpt_anemo~7'
        Info: 3: + IC(0.258 ns) + CELL(0.275 ns) = 1.453 ns; Loc. = LCCOMB_X47_Y34_N20; Fanout = 7; COMB Node = 'process_0~0'
        Info: 4: + IC(0.415 ns) + CELL(0.660 ns) = 2.528 ns; Loc. = LCFF_X48_Y34_N9; Fanout = 1; REG Node = 'vect_anemo[1]~reg0'
        Info: Total cell delay = 1.333 ns ( 52.73 % )
        Info: Total interconnect delay = 1.195 ns ( 47.27 % )
    Info: - Smallest clock skew is 0.000 ns
        Info: + Shortest clock path from clock "in_fred_anemometre" to destination register is 2.684 ns
            Info: 1: + IC(0.000 ns) + CELL(0.999 ns) = 0.999 ns; Loc. = PIN_P2; Fanout = 1; CLK Node = 'in_fred_anemometre'
            Info: 2: + IC(0.118 ns) + CELL(0.000 ns) = 1.117 ns; Loc. = CLKCTRL_G3; Fanout = 14; COMB Node = 'in_fred_anemometre~clkctrl'
            Info: 3: + IC(1.030 ns) + CELL(0.537 ns) = 2.684 ns; Loc. = LCFF_X48_Y34_N9; Fanout = 1; REG Node = 'vect_anemo[1]~reg0'
            Info: Total cell delay = 1.536 ns ( 57.23 % )
            Info: Total interconnect delay = 1.148 ns ( 42.77 % )
        Info: - Longest clock path from clock "in_fred_anemometre" to source register is 2.684 ns
            Info: 1: + IC(0.000 ns) + CELL(0.999 ns) = 0.999 ns; Loc. = PIN_P2; Fanout = 1; CLK Node = 'in_fred_anemometre'
            Info: 2: + IC(0.118 ns) + CELL(0.000 ns) = 1.117 ns; Loc. = CLKCTRL_G3; Fanout = 14; COMB Node = 'in_fred_anemometre~clkctrl'
            Info: 3: + IC(1.030 ns) + CELL(0.537 ns) = 2.684 ns; Loc. = LCFF_X47_Y34_N1; Fanout = 4; REG Node = 'cpt_anemo[1]'
            Info: Total cell delay = 1.536 ns ( 57.23 % )
            Info: Total interconnect delay = 1.148 ns ( 42.77 % )
    Info: + Micro clock to output delay of source is 0.250 ns
    Info: + Micro setup delay of destination is -0.036 ns
Info: Clock "clk_2hz" Internal fmax is restricted to 420.17 MHz between source register "state[0]" and destination register "state[0]"
    Info: fmax restricted to clock pin edge rate 2.38 ns. Expand message to see actual delay path.
        Info: + Longest register to register delay is 0.407 ns
            Info: 1: + IC(0.000 ns) + CELL(0.000 ns) = 0.000 ns; Loc. = LCFF_X35_Y35_N17; Fanout = 10; REG Node = 'state[0]'
            Info: 2: + IC(0.000 ns) + CELL(0.323 ns) = 0.323 ns; Loc. = LCCOMB_X35_Y35_N16; Fanout = 1; COMB Node = 'state[0]~0'
            Info: 3: + IC(0.000 ns) + CELL(0.084 ns) = 0.407 ns; Loc. = LCFF_X35_Y35_N17; Fanout = 10; REG Node = 'state[0]'
            Info: Total cell delay = 0.407 ns ( 100.00 % )
        Info: - Smallest clock skew is 0.000 ns
            Info: + Shortest clock path from clock "clk_2hz" to destination register is 2.365 ns
                Info: 1: + IC(0.000 ns) + CELL(0.979 ns) = 0.979 ns; Loc. = PIN_C13; Fanout = 1; CLK Node = 'clk_2hz'
                Info: 2: + IC(0.849 ns) + CELL(0.537 ns) = 2.365 ns; Loc. = LCFF_X35_Y35_N17; Fanout = 10; REG Node = 'state[0]'
                Info: Total cell delay = 1.516 ns ( 64.10 % )
                Info: Total interconnect delay = 0.849 ns ( 35.90 % )
            Info: - Longest clock path from clock "clk_2hz" to source register is 2.365 ns
                Info: 1: + IC(0.000 ns) + CELL(0.979 ns) = 0.979 ns; Loc. = PIN_C13; Fanout = 1; CLK Node = 'clk_2hz'
                Info: 2: + IC(0.849 ns) + CELL(0.537 ns) = 2.365 ns; Loc. = LCFF_X35_Y35_N17; Fanout = 10; REG Node = 'state[0]'
                Info: Total cell delay = 1.516 ns ( 64.10 % )
                Info: Total interconnect delay = 0.849 ns ( 35.90 % )
        Info: + Micro clock to output delay of source is 0.250 ns
        Info: + Micro setup delay of destination is -0.036 ns
Info: tco from clock "in_fred_anemometre" to destination pin "vect_anemo[5]" through register "vect_anemo[5]~reg0" is 7.295 ns
    Info: + Longest clock path from clock "in_fred_anemometre" to source register is 2.684 ns
        Info: 1: + IC(0.000 ns) + CELL(0.999 ns) = 0.999 ns; Loc. = PIN_P2; Fanout = 1; CLK Node = 'in_fred_anemometre'
        Info: 2: + IC(0.118 ns) + CELL(0.000 ns) = 1.117 ns; Loc. = CLKCTRL_G3; Fanout = 14; COMB Node = 'in_fred_anemometre~clkctrl'
        Info: 3: + IC(1.030 ns) + CELL(0.537 ns) = 2.684 ns; Loc. = LCFF_X47_Y34_N27; Fanout = 1; REG Node = 'vect_anemo[5]~reg0'
        Info: Total cell delay = 1.536 ns ( 57.23 % )
        Info: Total interconnect delay = 1.148 ns ( 42.77 % )
    Info: + Micro clock to output delay of source is 0.250 ns
    Info: + Longest register to pin delay is 4.361 ns
        Info: 1: + IC(0.000 ns) + CELL(0.000 ns) = 0.000 ns; Loc. = LCFF_X47_Y34_N27; Fanout = 1; REG Node = 'vect_anemo[5]~reg0'
        Info: 2: + IC(1.582 ns) + CELL(2.779 ns) = 4.361 ns; Loc. = PIN_F21; Fanout = 0; PIN Node = 'vect_anemo[5]'
        Info: Total cell delay = 2.779 ns ( 63.72 % )
        Info: Total interconnect delay = 1.582 ns ( 36.28 % )
Info: Quartus II Classic Timing Analyzer was successful. 0 errors, 1 warning
    Info: Peak virtual memory: 177 megabytes
    Info: Processing ended: Fri Sep 25 08:13:29 2020
    Info: Elapsed time: 00:00:00
    Info: Total CPU time (on all processors): 00:00:00


